Log file open, 10/22/20 21:11:07
LogInit:Display: Running engine for game: Juego1
LogPlatformFile: Not using cached read wrapper
LogInit:Display: RandInit(-1607719064) SRandInit(-1607719064).
LogTaskGraph: Started task graph with 5 named threads and 8 total threads with 1 sets of task threads.
LogStats: Stats thread started at 7.150100
LogConfig:Warning: Failed to saved backup for config[PhysXVehicles]
LogInit: Using libcurl 7.47.1
LogInit:  - built for x86_64-pc-win32
LogInit:  - supports SSL with OpenSSL/1.0.2g
LogInit:  - supports HTTP deflate (compression) using libz 1.2.8
LogInit:  - other features:
LogInit:      CURL_VERSION_SSL
LogInit:      CURL_VERSION_LIBZ
LogInit:      CURL_VERSION_IPV6
LogInit:      CURL_VERSION_ASYNCHDNS
LogInit:      CURL_VERSION_LARGEFILE
LogInit:      CURL_VERSION_IDN
LogInit:  CurlRequestOptions (configurable via config and command line):
LogInit:  - bVerifyPeer = false  - Libcurl will NOT verify peer certificate
LogInit:  - bUseHttpProxy = false  - Libcurl will NOT use HTTP proxy
LogInit:  - bDontReuseConnections = false  - Libcurl will reuse connections
LogInit:  - CertBundlePath = nullptr  - Libcurl will use whatever was configured at build time.
LogInit: Build: ++UE4+Release-4.16-CL-3561208
LogInit: Engine Version: 4.16.3-3561208+++UE4+Release-4.16
LogInit: Compatible Engine Version: 4.16.0-3452394+++UE4+Release-4.16
LogInit: Net CL: 3452394
LogDevObjectVersion: Number of dev versions registered: 16
LogDevObjectVersion:   Dev-Blueprints (B0D832E4-1F89-4F0D-ACCF-7EB736FD4AA2): 9
LogDevObjectVersion:   Dev-Build (E1C64328-A22C-4D53-A36C-8E866417BD8C): 0
LogDevObjectVersion:   Dev-Core (375EC13C-06E4-48FB-B500-84F0262A717E): 2
LogDevObjectVersion:   Dev-Editor (E4B068ED-F494-42E9-A231-DA0B2E46BB41): 17
LogDevObjectVersion:   Dev-Framework (CFFC743F-43B0-4480-9391-14DF171D2073): 23
LogDevObjectVersion:   Dev-Mobile (B02B49B5-BB20-44E9-A304-32B752E40360): 0
LogDevObjectVersion:   Dev-Networking (A4E4105C-59A1-49B5-A7C5-40C4547EDFEE): 0
LogDevObjectVersion:   Dev-Online (39C831C9-5AE6-47DC-9A44-9C173E1C8E7C): 0
LogDevObjectVersion:   Dev-Physics (78F01B33-EBEA-4F98-B9B4-84EACCB95AA2): 0
LogDevObjectVersion:   Dev-Platform (6631380F-2D4D-43E0-8009-CF276956A95A): 0
LogDevObjectVersion:   Dev-Rendering (12F88B9F-8875-4AFC-A67C-D90C383ABD29): 15
LogDevObjectVersion:   Dev-Sequencer (7B5AE74C-D270-4C10-A958-57980B212A5A): 4
LogDevObjectVersion:   Dev-VR (D7296918-1DD6-4BDD-9DE2-64A83CC13884): 0
LogDevObjectVersion:   Dev-LoadTimes (C2A15278-BFE7-4AFE-6C17-90FF531DF755): 1
LogDevObjectVersion:   Private-Geometry (6EACA3D4-40EC-4CC1-B786-8BED09428FC5): 1
LogDevObjectVersion:   Dev-AnimPhys (29E575DD-E0A3-4627-9D10-D276232CDCEA): 3
LogInit: Compiled (64-bit): Jul 28 2017 11:49:47
LogInit: Compiled with Visual C++: 19.00.24215.01
LogInit: Build Configuration: Development
LogInit: Branch Name: ++UE4+Release-4.16
LogInit: Command line:  
LogInit: Base directory: F:/Juegos Epic/UE_4.16/Engine/Binaries/Win64/
LogInit: Installed Engine Build: 1
LogInit: Presizing for max 8388607 objects, including 0 objects not considered by GC, pre-allocating 0 bytes for permanent pool.
LogInit: Object subsystem initialized
[2020.10.22-19.11.09:970][  0]LogInit: Selected Device Profile: [Windows]
[2020.10.22-19.11.09:970][  0]LogInit: Applying CVar settings loaded from the selected device profile: [Windows]
[2020.10.22-19.11.10:010][  0]LogConfig:Warning: Failed to saved backup for config[DeviceProfiles]
[2020.10.22-19.11.10:027][  0]LogInit: Computer: ELBARTO
[2020.10.22-19.11.10:027][  0]LogInit: User: aleja
[2020.10.22-19.11.10:027][  0]LogInit: CPU Page size=4096, Cores=4
[2020.10.22-19.11.10:027][  0]LogInit: High frequency timer resolution =10.000000 MHz
[2020.10.22-19.11.10:028][  0]LogMemory: Memory total: Physical=16.0GB (16GB approx)
[2020.10.22-19.11.10:028][  0]LogMemory: Platform Memory Stats for Windows
[2020.10.22-19.11.10:028][  0]LogMemory: Process Physical Memory: 277.42 MB used, 277.43 MB peak
[2020.10.22-19.11.10:028][  0]LogMemory: Process Virtual Memory: 261.05 MB used, 261.05 MB peak
[2020.10.22-19.11.10:028][  0]LogMemory: Physical Memory: 6864.51 MB used,  9486.63 MB free, 16351.14 MB total
[2020.10.22-19.11.10:028][  0]LogMemory: Virtual Memory: 4758.63 MB used,  9486.63 MB free, 134217728.00 MB total
[2020.10.22-19.11.10:942][  0]LogInit: Overriding language with editor language configuration option (en).
[2020.10.22-19.11.10:942][  0]LogInit: Overriding locale with editor locale configuration option (en).
[2020.10.22-19.11.14:011][  0]LogD3D11RHI: D3D11 adapters:
[2020.10.22-19.11.14:151][  0]LogD3D11RHI:    0. 'NVIDIA GeForce GTX 1070' (Feature Level 11_0)
[2020.10.22-19.11.14:151][  0]LogD3D11RHI:       8088/0/8175 MB DedicatedVideo/DedicatedSystem/SharedSystem, Outputs:2, VendorId:0x10de
[2020.10.22-19.11.14:159][  0]LogD3D11RHI:    1. 'Microsoft Basic Render Driver' (Feature Level 11_0)
[2020.10.22-19.11.14:159][  0]LogD3D11RHI:       0/0/8175 MB DedicatedVideo/DedicatedSystem/SharedSystem, Outputs:0, VendorId:0x1414
[2020.10.22-19.11.14:159][  0]LogD3D11RHI: Chosen D3D11 Adapter: 0
[2020.10.22-19.11.14:173][  0]LogD3D11RHI: Creating new Direct3DDevice
[2020.10.22-19.11.14:193][  0]LogD3D11RHI:     GPU DeviceId: 0x1b81 (for the marketing name, search the web for "GPU Device Id")
[2020.10.22-19.11.14:193][  0]LogWindows: EnumDisplayDevices:
[2020.10.22-19.11.14:193][  0]LogWindows:    0. 'NVIDIA GeForce GTX 1070' (P:0 D:1)
[2020.10.22-19.11.14:194][  0]LogWindows:    1. 'NVIDIA GeForce GTX 1070' (P:1 D:1)
[2020.10.22-19.11.14:194][  0]LogWindows:    2. 'NVIDIA GeForce GTX 1070' (P:0 D:0)
[2020.10.22-19.11.14:195][  0]LogWindows:    3. 'NVIDIA GeForce GTX 1070' (P:0 D:0)
[2020.10.22-19.11.14:195][  0]LogWindows: DebugString: GetVideoDriverDetailsInvalid PrimaryIsNotTheChoosenAdapter GetVideoDriverDetailsInvalid PrimaryIsNotTheChoosenAdapter GetVideoDriverDetailsInvalid PrimaryIsNotTheChoosenAdapter GetVideoDriverDetailsInvalid PrimaryIsNotTheChoosenAdapter FoundDriverCount:0 
[2020.10.22-19.11.14:195][  0]LogD3D11RHI:     Adapter Name: NVIDIA GeForce GTX 1070
[2020.10.22-19.11.14:195][  0]LogD3D11RHI:   Driver Version: Unknown (internal:Unknown, unified:Unknown)
[2020.10.22-19.11.14:195][  0]LogD3D11RHI:      Driver Date: Unknown
[2020.10.22-19.11.14:195][  0]LogRHI: Texture pool is 1361 MB (70% of 1945 MB)
[2020.10.22-19.11.14:330][  0]LogD3D11RHI: Async texture creation enabled
[2020.10.22-19.11.14:689][  0]LogD3D11RHI: GPU Timing Frequency: 1000.000000 (Debug: 2 1)
[2020.10.22-19.11.14:842][  0]LogShaderCompilers: Guid format shader working directory is 1 characters bigger than the processId version (E:/UNIVERSIDAD-2020/Videojuegos/Unreal/Juego1/Intermediate/Shaders/WorkingDirectory/2184/).
[2020.10.22-19.11.14:842][  0]LogShaderCompilers: Cleaned the shader compiler working directory 'C:/Users/aleja/AppData/Local/Temp/UnrealShaderWorkingDir/4823428D45FA6D484A1B95A9C4336F65/'.
[2020.10.22-19.11.14:845][  0]LogShaderCompilers:Display: Using Local Shader Compiler.
[2020.10.22-19.11.17:849][  0]LogTemp:Display: Loaded TP AllDesktopTargetPlatform
[2020.10.22-19.11.17:924][  0]LogTemp:Display: Loaded TP MacClientTargetPlatform
[2020.10.22-19.11.17:994][  0]LogTemp:Display: Loaded TP MacNoEditorTargetPlatform
[2020.10.22-19.11.18:071][  0]LogTemp:Display: Loaded TP MacServerTargetPlatform
[2020.10.22-19.11.18:163][  0]LogTemp:Display: Loaded TP MacTargetPlatform
[2020.10.22-19.11.18:235][  0]LogTemp:Display: Loaded TP WindowsClientTargetPlatform
[2020.10.22-19.11.18:308][  0]LogTemp:Display: Loaded TP WindowsNoEditorTargetPlatform
[2020.10.22-19.11.18:385][  0]LogTemp:Display: Loaded TP WindowsServerTargetPlatform
[2020.10.22-19.11.18:460][  0]LogTemp:Display: Loaded TP WindowsTargetPlatform
[2020.10.22-19.11.18:547][  0]LogTemp:Display: Loaded TP AndroidTargetPlatform
[2020.10.22-19.11.18:638][  0]LogTemp:Display: Loaded TP Android_ASTCTargetPlatform
[2020.10.22-19.11.18:711][  0]LogTemp:Display: Loaded TP Android_ATCTargetPlatform
[2020.10.22-19.11.18:796][  0]LogTemp:Display: Loaded TP Android_DXTTargetPlatform
[2020.10.22-19.11.18:876][  0]LogTemp:Display: Loaded TP Android_ETC1TargetPlatform
[2020.10.22-19.11.18:950][  0]LogTemp:Display: Loaded TP Android_ETC2TargetPlatform
[2020.10.22-19.11.19:097][  0]LogTemp:Display: Loaded TP Android_MultiTargetPlatform
[2020.10.22-19.11.19:097][  0]LogTemp:Display: Loaded TP Android_PVRTCTargetPlatform
[2020.10.22-19.11.19:163][  0]LogTemp:Display: Loaded TP HTML5TargetPlatform
[2020.10.22-19.11.19:386][  0]LogTemp:Display: Loaded TP IOSTargetPlatform
[2020.10.22-19.11.19:429][  0]LogTemp:Display: Loaded TP TVOSTargetPlatform
[2020.10.22-19.11.19:503][  0]LogTemp:Display: Loaded TP LinuxClientTargetPlatform
[2020.10.22-19.11.19:573][  0]LogTemp:Display: Loaded TP LinuxNoEditorTargetPlatform
[2020.10.22-19.11.19:654][  0]LogTemp:Display: Loaded TP LinuxServerTargetPlatform
[2020.10.22-19.11.19:806][  0]LogTemp:Display: Loaded TP LinuxTargetPlatform
[2020.10.22-19.11.19:806][  0]LogTargetPlatformManager:Display: Building Assets For Windows
[2020.10.22-19.11.21:395][  0]LogDerivedDataCache:Display: Max Cache Size: 512 MB
[2020.10.22-19.11.21:955][  0]LogDerivedDataCache: Loaded boot cache 0.56s 90MB C:/Users/aleja/AppData/Local/UnrealEngine/4.16/DerivedDataCache/Boot.ddc.
[2020.10.22-19.11.21:955][  0]LogDerivedDataCache:Display: Loaded Boot cache: C:/Users/aleja/AppData/Local/UnrealEngine/4.16/DerivedDataCache/Boot.ddc
[2020.10.22-19.11.21:955][  0]LogDerivedDataCache: FDerivedDataBackendGraph:  Pak pak cache file E:/UNIVERSIDAD-2020/Videojuegos/Unreal/Juego1/DerivedDataCache/DDC.ddp not found, will not use a pak cache.
[2020.10.22-19.11.21:955][  0]LogDerivedDataCache: Unable to find inner node Pak for hierarchical cache Hierarchy.
[2020.10.22-19.11.21:955][  0]LogDerivedDataCache: FDerivedDataBackendGraph:  CompressedPak pak cache file E:/UNIVERSIDAD-2020/Videojuegos/Unreal/Juego1/DerivedDataCache/Compressed.ddp not found, will not use a pak cache.
[2020.10.22-19.11.21:955][  0]LogDerivedDataCache: Unable to find inner node CompressedPak for hierarchical cache Hierarchy.
[2020.10.22-19.11.22:050][  0]LogDerivedDataCache:Display: Pak cache opened for reading ../../../Engine/DerivedDataCache/Compressed.ddp.
[2020.10.22-19.11.22:063][  0]LogDerivedDataCache: Using Local data cache path C:/Users/aleja/AppData/Local/UnrealEngine/Common/DerivedDataCache: Writable
[2020.10.22-19.11.22:125][  0]LogMaterial: Verifying Global Shaders for PCD3D_SM5
[2020.10.22-19.11.22:197][  0]LogSlate: Using Freetype 2.6.0
[2020.10.22-19.11.22:323][  0]LogSlate: SlateFontCache - WITH_FREETYPE: 1, WITH_HARFBUZZ: 1
[2020.10.22-19.11.22:324][  0]LogSlate: SlateFontCache - WITH_FREETYPE: 1, WITH_HARFBUZZ: 1
[2020.10.22-19.11.29:896][  0]LogInit: Selected Device Profile: [Windows]
[2020.10.22-19.11.30:753][  0]LogContentStreaming: Texture pool size is 0.00 MB
[2020.10.22-19.11.31:733][  0]LogMeshUtilities: Using QuadricMeshReduction for automatic static mesh reduction
[2020.10.22-19.11.31:995][  0]LogSimplygon: Simplygon DLL not present - disabling.
[2020.10.22-19.11.32:084][  0]LogMeshUtilities: Using SimplygonSwarm for distributed automatic mesh merging
[2020.10.22-19.11.32:084][  0]LogMeshUtilities: No automatic skeletal mesh reduction module available
[2020.10.22-19.11.32:084][  0]LogMeshUtilities: No automatic mesh merging module available
[2020.10.22-19.11.36:583][  0]LogNetVersion: Juego1 , NetCL: 3452394, EngineNetVer: 2, GameNetVer: 0 (Checksum: 2391944700)
[2020.10.22-19.11.36:937][  0]LogAssetRegistry: FAssetRegistry took 0.0599 seconds to start up
[2020.10.22-19.11.37:028][  0]LogAssetRegistry:Error: Failed to open file for write E:/UNIVERSIDAD-2020/Videojuegos/Unreal/Juego1/Intermediate/AssetRegistryCache/2657c409.bin
[2020.10.22-19.11.37:070][  0]LogPackageLocalizationCache: Processed 4 localized package path(s) for 1 prioritized culture(s) in 0.054804 seconds
[2020.10.22-19.11.37:077][  0]LogUObjectArray: 34194 objects as part of root set at end of initial load.
[2020.10.22-19.11.37:077][  0]LogUObjectAllocator: 7260416 out of 0 bytes used by permanent object pool.
[2020.10.22-19.11.37:077][  0]LogUObjectArray: CloseDisregardForGC: 0/0 objects in disregard for GC pool
[2020.10.22-19.11.37:188][  0]LogInit: WinSock: version 1.1 (2.2), MaxSocks=32767, MaxUdp=65467
[2020.10.22-19.11.48:779][  0]LogAssetRegistry:Error: Failed to open file for write E:/UNIVERSIDAD-2020/Videojuegos/Unreal/Juego1/Intermediate/CachedAssetRegistry.bin
[2020.10.22-19.11.50:405][  0]LogTcpMessaging: Initializing TcpMessaging bridge
[2020.10.22-19.11.50:495][  0]LogUdpMessaging: Initializing bridge on interface 0.0.0.0:0 to multicast group 230.0.0.1:6666.
[2020.10.22-19.11.52:650][  0]LogMaterial: Uniform references updated for custom material expression Custom.
[2020.10.22-19.11.53:942][  0]SourceControl: Info Source control is disabled
[2020.10.22-19.11.53:969][  0]SourceControl: Info Source control is disabled
[2020.10.22-19.11.54:162][  0]SourceControl: Info Source control is disabled
[2020.10.22-19.11.54:355][  0]SourceControl: Info Source control is disabled
[2020.10.22-19.11.57:030][  0]LogAndroidPermission: UAndroidPermissionCallbackProxy::GetInstance
[2020.10.22-19.11.59:241][  0]LogEngine: Initializing Engine...
[2020.10.22-19.11.59:386][  0]LogHMD: Failed to initialize OpenVR with code 110
[2020.10.22-19.12.00:080][  0]LogStats: UGameplayTagsManager::ConstructGameplayTagTree: Construct from data asset -  0.000 s
[2020.10.22-19.12.00:080][  0]LogStats: UGameplayTagsManager::ConstructGameplayTagTree: GameplayTagTreeChangedEvent.Broadcast -  0.000 s
[2020.10.22-19.12.01:332][  0]LogAIModule: Creating AISystem for world Untitled
[2020.10.22-19.12.01:842][  0]LogInit: XAudio2 using 'PHL 273V5 (NVIDIA High Definition Audio)' : 2 channels at 48 kHz using 16 bits per sample (channel mask 0x3)
[2020.10.22-19.12.01:918][  0]LogInit: FAudioDevice initialized.
[2020.10.22-19.12.01:978][  0]LogDerivedDataCache: Saved boot cache 0.05s 90MB C:/Users/aleja/AppData/Local/UnrealEngine/4.16/DerivedDataCache/Boot.ddc.
[2020.10.22-19.12.01:992][  0]LogInit: Texture streaming: Enabled
[2020.10.22-19.12.02:322][  0]LogEngineSessionManager: EngineSessionManager initialized
[2020.10.22-19.12.03:153][  0]LogInit: Transaction tracking system initialized
[2020.10.22-19.12.04:301][  0]BlueprintLog: New page: Editor Load
[2020.10.22-19.12.07:794][  0]LocalizationService: Info Localization service is disabled
[2020.10.22-19.12.10:044][  0]LogConsoleResponse:Display: 
[2020.10.22-19.12.12:490][  0]LogFileCache: Scanning file cache for directory 'E:/UNIVERSIDAD-2020/Videojuegos/Unreal/Juego1/Content/' took 0.04s
[2020.10.22-19.12.12:490][  0]LogCook:Display: Max memory allowance for cook 16384mb min free memory 0mb
[2020.10.22-19.12.12:504][  0]LogCook:Display: Mobile HDR setting 1
[2020.10.22-19.12.17:599][  0]SourceControl: Info Source control is disabled
[2020.10.22-19.12.17:671][  0]Cmd: MAP LOAD FILE="E:/UNIVERSIDAD-2020/Videojuegos/Unreal/Juego1/Content/nivel1.umap" TEMPLATE=0 SHOWPROGRESS=1 FEATURELEVEL=3
[2020.10.22-19.12.17:674][  0]LightingResults: New page: Lighting Build
[2020.10.22-19.12.18:253][  0]MapCheck: New page: Map Check
[2020.10.22-19.12.18:253][  0]LightingResults: New page: Lighting Build
[2020.10.22-19.12.21:212][  0]LogAIModule: Creating AISystem for world nivel1
[2020.10.22-19.12.22:302][  0]LogEditorServer: Finished looking for orphan Actors (0.000 secs)
[2020.10.22-19.12.22:443][  0]Cmd: MAP CHECKDEP NOCLEARLOG
[2020.10.22-19.12.22:556][  0]MapCheck: Info Map check complete: 0 Error(s), 0 Warning(s), took 102.778ms to complete.
[2020.10.22-19.12.22:567][  0]LogFileHelpers: Loading map 'nivel1' took 4.938
[2020.10.22-19.12.28:088][  0]LogCollectionManager: Loaded 0 collections in 0.002489 seconds
[2020.10.22-19.12.29:809][  0]LogFileCache: Scanning file cache for directory 'E:/UNIVERSIDAD-2020/Videojuegos/Unreal/Juego1/Saved/Collections/' took 0.01s
[2020.10.22-19.12.29:809][  0]LogFileCache: Scanning file cache for directory 'E:/UNIVERSIDAD-2020/Videojuegos/Unreal/Juego1/Content/Developers/aleja/Collections/' took 0.01s
[2020.10.22-19.12.29:809][  0]LogFileCache: Scanning file cache for directory 'E:/UNIVERSIDAD-2020/Videojuegos/Unreal/Juego1/Content/Collections/' took 0.01s
[2020.10.22-19.12.29:809][  0]LogCollectionManager: Rebuilt the GUID cache for 0 collections in 0.000001 seconds
[2020.10.22-19.12.29:833][  0]LogContentBrowser: Native class hierarchy populated in 0.0121 seconds. Added 2329 classes and 491 folders.
[2020.10.22-19.12.30:185][  0]LogContentBrowser: Native class hierarchy updated for 'WidgetCarousel' in 0.0010 seconds. Added 0 classes and 0 folders.
[2020.10.22-19.12.30:989][  0]LogContentBrowser: Native class hierarchy updated for 'AddContentDialog' in 0.0009 seconds. Added 0 classes and 0 folders.
[2020.10.22-19.12.31:200][  0]LogContentBrowser: Native class hierarchy updated for 'SceneOutliner' in 0.0012 seconds. Added 1 classes and 2 folders.
[2020.10.22-19.12.32:001][  0]LogCrashTracker: Crashtracker disabled due to settings.
[2020.10.22-19.12.32:354][  0]LogSlate: Took 0.018344 seconds to synchronously load lazily loaded font '../../../Engine/Content/Slate/Fonts/Roboto-Regular.ttf' (155K)
[2020.10.22-19.12.32:389][  0]LogSlate: Took 0.013410 seconds to synchronously load lazily loaded font '../../../Engine/Content/Slate/Fonts/Roboto-Bold.ttf' (160K)
[2020.10.22-19.12.32:524][  0]LogSlate: Took 0.059240 seconds to synchronously load lazily loaded font '../../../Engine/Content/Editor/Slate/Fonts/FontAwesome.ttf' (139K)
[2020.10.22-19.12.33:075][  0]LogRenderer: Reallocating scene render targets to support 1164x612 NumSamples 1 (Frame:1).
[2020.10.22-19.12.33:850][  0]LogSlate: Took 0.001886 seconds to synchronously load lazily loaded font '../../../Engine/Content/Slate/Fonts/Roboto-Light.ttf' (159K)
[2020.10.22-19.12.34:258][  0]LogUObjectGlobals:Warning: Failed to find object 'Class None.'
[2020.10.22-19.12.34:586][  0]LogContentBrowser: Native class hierarchy updated for 'HierarchicalLODOutliner' in 0.0013 seconds. Added 1 classes and 2 folders.
[2020.10.22-19.12.34:586][  0]LogLoad: (Engine Initialization) Total time: 104.55 seconds
[2020.10.22-19.12.34:586][  0]LogLoad: (Engine Initialization) Total Blueprint compile time: 0.96 seconds
[2020.10.22-19.12.34:586][  0]LogExternalProfiler: No external profilers were discovered.  External profiling features will not be available.
[2020.10.22-19.12.34:945][  0]LogOcInput: OculusInput pre-init called
[2020.10.22-19.12.34:945][  0]LogHMD: Starting GearVRController plugin
[2020.10.22-19.12.35:498][  0]LogContentStreaming: Texture pool size now 1000 MB
[2020.10.22-19.12.37:024][  3]LogAssetRegistry: Asset discovery search completed in 60.1109 seconds
[2020.10.22-19.12.37:026][  3]LogCollectionManager: Rebuilt the object cache for 0 collections in 0.000001 seconds (found 0 objects)
[2020.10.22-19.12.37:026][  3]LogCollectionManager: Fixed up redirectors for 0 collections in 0.000044 seconds (updated 0 objects)
[2020.10.22-19.12.44:342][ 24]LogWindowsTextInputMethodSystem:Display: IME system now deactivated.
[2020.10.22-19.12.45:254][ 25]Cmd: QUIT_EDITOR
[2020.10.22-19.12.46:224][ 25]LogExit: Preparing to exit.
[2020.10.22-19.12.48:046][ 25]LogExit: Editor shut down
[2020.10.22-19.12.48:049][ 25]LogExit: Transaction tracking system shut down
[2020.10.22-19.12.51:628][ 25]LogObj: Freed 0b from 0 cluster array pools.
[2020.10.22-19.12.51:628][ 25]LogExit: Object subsystem successfully closed.
[2020.10.22-19.12.51:884][ 25]LogD3D11RHI: Shutdown
[2020.10.22-19.12.51:884][ 25]LogD3D11RHI: CleanupD3DDevice
[2020.10.22-19.12.52:004][ 25]LogD3D11RHI: ~FD3D11DynamicRHI
[2020.10.22-19.12.53:257][ 25]LogModuleManager: Shutting down and abandoning module HierarchicalLODOutliner (524)
[2020.10.22-19.12.53:257][ 25]LogModuleManager: Shutting down and abandoning module CrashTracker (522)
[2020.10.22-19.12.53:257][ 25]LogModuleManager: Shutting down and abandoning module SceneOutliner (520)
[2020.10.22-19.12.53:310][ 25]LogModuleManager: Shutting down and abandoning module AddContentDialog (518)
[2020.10.22-19.12.53:389][ 25]LogDirectoryWatcher: A directory notification for 'F:/Juegos Epic/UE_4.16/FeaturePacks/' was aborted.
[2020.10.22-19.12.53:414][ 25]LogModuleManager: Shutting down and abandoning module WidgetCarousel (517)
[2020.10.22-19.12.53:414][ 25]LogModuleManager: Shutting down and abandoning module EditorWidgets (514)
[2020.10.22-19.12.53:414][ 25]LogModuleManager: Shutting down and abandoning module CollectionManager (512)
[2020.10.22-19.12.53:414][ 25]LogDirectoryWatcher: A directory notification for 'E:/UNIVERSIDAD-2020/Videojuegos/Unreal/Juego1/Content/Collections/' was aborted.
[2020.10.22-19.12.53:414][ 25]LogDirectoryWatcher: A directory notification for 'E:/UNIVERSIDAD-2020/Videojuegos/Unreal/Juego1/Content/Developers/aleja/Collections/' was aborted.
[2020.10.22-19.12.53:414][ 25]LogDirectoryWatcher: A directory notification for 'E:/UNIVERSIDAD-2020/Videojuegos/Unreal/Juego1/Saved/Collections/' was aborted.
[2020.10.22-19.12.53:414][ 25]LogModuleManager: Shutting down and abandoning module StatsViewer (510)
[2020.10.22-19.12.53:448][ 25]LogModuleManager: Shutting down and abandoning module FoliageEdit (508)
[2020.10.22-19.12.53:448][ 25]LogModuleManager: Shutting down and abandoning module LandscapeEditor (506)
[2020.10.22-19.12.53:494][ 25]LogModuleManager: Shutting down and abandoning module MeshPaintMode (504)
[2020.10.22-19.12.53:494][ 25]LogModuleManager: Shutting down and abandoning module SceneDepthPickerMode (502)
[2020.10.22-19.12.53:494][ 25]LogModuleManager: Shutting down and abandoning module ActorPickerMode (500)
[2020.10.22-19.12.53:494][ 25]LogModuleManager: Shutting down and abandoning module GeometryMode (498)
[2020.10.22-19.12.53:494][ 25]LogModuleManager: Shutting down and abandoning module TextureAlignMode (496)
[2020.10.22-19.12.53:494][ 25]LogModuleManager: Shutting down and abandoning module BspMode (494)
[2020.10.22-19.12.53:540][ 25]LogModuleManager: Shutting down and abandoning module HardwareSurvey (492)
[2020.10.22-19.12.53:574][ 25]LogModuleManager: Shutting down and abandoning module SequenceRecorderSections (490)
[2020.10.22-19.12.53:594][ 25]LogModuleManager: Shutting down and abandoning module AutomationWorker (488)
[2020.10.22-19.12.53:623][ 25]LogModuleManager: Shutting down and abandoning module MatineeToLevelSequence (486)
[2020.10.22-19.12.53:652][ 25]LogModuleManager: Shutting down and abandoning module LevelSequenceEditor (484)
[2020.10.22-19.12.53:966][ 25]LogModuleManager: Shutting down and abandoning module PlacementMode (483)
[2020.10.22-19.12.53:966][ 25]LogModuleManager: Shutting down and abandoning module WmfMediaFactory (480)
[2020.10.22-19.12.53:966][ 25]LogModuleManager: Shutting down and abandoning module WmfMediaEditor (478)
[2020.10.22-19.12.53:966][ 25]LogModuleManager: Shutting down and abandoning module AvfMediaFactory (476)
[2020.10.22-19.12.53:966][ 25]LogModuleManager: Shutting down and abandoning module AvfMediaEditor (474)
[2020.10.22-19.12.53:966][ 25]LogModuleManager: Shutting down and abandoning module AndroidMediaFactory (472)
[2020.10.22-19.12.53:966][ 25]LogModuleManager: Shutting down and abandoning module Media (471)
[2020.10.22-19.12.53:966][ 25]LogModuleManager: Shutting down and abandoning module AndroidMediaEditor (468)
[2020.10.22-19.12.53:966][ 25]LogModuleManager: Shutting down and abandoning module CharacterAI (466)
[2020.10.22-19.12.53:966][ 25]LogModuleManager: Shutting down and abandoning module AudioCapture (464)
[2020.10.22-19.12.54:001][ 25]LogModuleManager: Shutting down and abandoning module SequenceRecorder (463)
[2020.10.22-19.12.54:101][ 25]LogModuleManager: Shutting down and abandoning module SmartSnapping (460)
[2020.10.22-19.12.54:101][ 25]LogModuleManager: Shutting down and abandoning module SessionServices (458)
[2020.10.22-19.12.54:101][ 25]LogModuleManager: Shutting down and abandoning module ViewportSnapping (456)
[2020.10.22-19.12.54:101][ 25]LogModuleManager: Shutting down and abandoning module ViewportInteraction (454)
[2020.10.22-19.12.54:101][ 25]LogModuleManager: Shutting down and abandoning module ClothPainter (452)
[2020.10.22-19.12.54:199][ 25]LogModuleManager: Shutting down and abandoning module LogVisualizer (450)
[2020.10.22-19.12.54:273][ 25]LogModuleManager: Shutting down and abandoning module IntroTutorials (448)
[2020.10.22-19.12.54:337][ 25]LogModuleManager: Shutting down and abandoning module GameProjectGeneration (447)
[2020.10.22-19.12.54:398][ 25]LogModuleManager: Shutting down and abandoning module EditorLiveStreaming (444)
[2020.10.22-19.12.54:398][ 25]LogModuleManager: Shutting down and abandoning module IOSPlatformEditor (442)
[2020.10.22-19.12.54:456][ 25]LogModuleManager: Shutting down and abandoning module HTML5PlatformEditor (440)
[2020.10.22-19.12.54:456][ 25]LogModuleManager: Shutting down and abandoning module AndroidPlatformEditor (438)
[2020.10.22-19.12.54:456][ 25]LogModuleManager: Shutting down and abandoning module AndroidDeviceDetection (437)
[2020.10.22-19.12.54:721][ 25]LogModuleManager: Shutting down and abandoning module IOSRuntimeSettings (434)
[2020.10.22-19.12.54:721][ 25]LogModuleManager: Shutting down and abandoning module AndroidRuntimeSettings (432)
[2020.10.22-19.12.54:721][ 25]LogModuleManager: Shutting down and abandoning module InputBindingEditor (430)
[2020.10.22-19.12.54:750][ 25]LogModuleManager: Shutting down and abandoning module MergeActors (428)
[2020.10.22-19.12.54:767][ 25]LogModuleManager: Shutting down and abandoning module SizeMap (426)
[2020.10.22-19.12.54:767][ 25]LogModuleManager: Shutting down and abandoning module TreeMap (424)
[2020.10.22-19.12.54:788][ 25]LogModuleManager: Shutting down and abandoning module ReferenceViewer (422)
[2020.10.22-19.12.54:797][ 25]LogModuleManager: Shutting down and abandoning module LocalizationDashboard (420)
[2020.10.22-19.12.54:923][ 25]LogModuleManager: Shutting down and abandoning module LocalizationService (419)
[2020.10.22-19.12.54:927][ 25]LogModuleManager: Shutting down and abandoning module HardwareTargeting (416)
[2020.10.22-19.12.54:927][ 25]LogModuleManager: Shutting down and abandoning module DeviceProfileEditor (414)
[2020.10.22-19.12.54:937][ 25]LogModuleManager: Shutting down and abandoning module UndoHistory (412)
[2020.10.22-19.12.54:960][ 25]LogModuleManager: Shutting down and abandoning module UserFeedback (410)
[2020.10.22-19.12.54:961][ 25]LogModuleManager: Shutting down and abandoning module XmlParser (408)
[2020.10.22-19.12.54:987][ 25]LogModuleManager: Shutting down and abandoning module Blutility (406)
[2020.10.22-19.12.55:008][ 25]LogModuleManager: Shutting down and abandoning module ProjectSettingsViewer (404)
[2020.10.22-19.12.55:008][ 25]LogModuleManager: Shutting down and abandoning module ProjectTargetPlatformEditor (403)
[2020.10.22-19.12.55:008][ 25]LogModuleManager: Shutting down and abandoning module EditorSettingsViewer (400)
[2020.10.22-19.12.55:008][ 25]LogModuleManager: Shutting down and abandoning module SettingsEditor (398)
[2020.10.22-19.12.55:053][ 25]LogModuleManager: Shutting down and abandoning module ProjectLauncher (396)
[2020.10.22-19.12.55:100][ 25]LogModuleManager: Shutting down and abandoning module SessionFrontend (394)
[2020.10.22-19.12.55:103][ 25]LogModuleManager: Shutting down and abandoning module ProfilerClient (392)
[2020.10.22-19.12.55:162][ 25]LogModuleManager: Shutting down and abandoning module DeviceManager (390)
[2020.10.22-19.12.55:240][ 25]LogModuleManager: Shutting down and abandoning module TargetDeviceServices (389)
[2020.10.22-19.12.55:310][ 25]LogModuleManager: Shutting down and abandoning module AutomationController (386)
[2020.10.22-19.12.55:362][ 25]LogModuleManager: Shutting down and abandoning module AutomationWindow (384)
[2020.10.22-19.12.55:415][ 25]LogModuleManager: Shutting down and abandoning module Layers (382)
[2020.10.22-19.12.55:538][ 25]LogModuleManager: Shutting down and abandoning module ComponentVisualizers (380)
[2020.10.22-19.12.55:538][ 25]LogModuleManager: Shutting down and abandoning module DetailCustomizations (378)
[2020.10.22-19.12.55:539][ 25]LogModuleManager: Shutting down and abandoning module PackagesDialog (376)
[2020.10.22-19.12.55:543][ 25]LogModuleManager: Shutting down and abandoning module Persona (374)
[2020.10.22-19.12.55:598][ 25]LogModuleManager: Shutting down and abandoning module AdvancedPreviewScene (373)
[2020.10.22-19.12.55:598][ 25]LogModuleManager: Shutting down and abandoning module AnimGraph (371)
[2020.10.22-19.12.55:598][ 25]LogModuleManager: Shutting down and abandoning module Kismet (368)
[2020.10.22-19.12.55:612][ 25]LogModuleManager: Shutting down and abandoning module ClassViewer (366)
[2020.10.22-19.12.55:612][ 25]LogModuleManager: Shutting down and abandoning module Toolbox (364)
[2020.10.22-19.12.55:656][ 25]LogModuleManager: Shutting down and abandoning module ModuleUI (362)
[2020.10.22-19.12.55:678][ 25]LogModuleManager: Shutting down and abandoning module MovieSceneTools (360)
[2020.10.22-19.12.55:751][ 25]LogModuleManager: Shutting down and abandoning module OutputLog (358)
[2020.10.22-19.12.55:780][ 25]LogModuleManager: Shutting down and abandoning module GammaUI (356)
[2020.10.22-19.12.55:810][ 25]LogModuleManager: Shutting down and abandoning module Documentation (354)
[2020.10.22-19.12.55:810][ 25]LogModuleManager: Shutting down and abandoning module MovieSceneTracks (352)
[2020.10.22-19.12.55:810][ 25]LogModuleManager: Shutting down and abandoning module MovieScene (350)
[2020.10.22-19.12.55:810][ 25]LogModuleManager: Shutting down and abandoning module Niagara (348)
[2020.10.22-19.12.55:810][ 25]LogModuleManager: Shutting down and abandoning module NiagaraEditor (347)
[2020.10.22-19.12.55:859][ 25]LogModuleManager: Shutting down and abandoning module StreamingPauseRendering (344)
[2020.10.22-19.12.55:859][ 25]LogModuleManager: Shutting down and abandoning module AnalyticsET (342)
[2020.10.22-19.12.55:859][ 25]LogModuleManager: Shutting down and abandoning module PortalServices (340)
[2020.10.22-19.12.55:859][ 25]LogModuleManager: Shutting down and abandoning module PortalRpc (338)
[2020.10.22-19.12.55:859][ 25]LogModuleManager: Shutting down and abandoning module MessagingRpc (336)
[2020.10.22-19.12.55:859][ 25]LogModuleManager: Shutting down and abandoning module AIModule (334)
[2020.10.22-19.12.55:859][ 25]LogModuleManager: Shutting down and abandoning module GameplayDebugger (333)
[2020.10.22-19.12.55:865][ 25]LogModuleManager: Shutting down and abandoning module AITestSuite (331)
[2020.10.22-19.12.55:882][ 25]LogModuleManager: Shutting down and abandoning module ProfilerService (328)
[2020.10.22-19.12.56:089][ 25]LogModuleManager: Shutting down and abandoning module TaskGraph (326)
[2020.10.22-19.12.56:131][ 25]LogModuleManager: Shutting down and abandoning module SteamVRController (324)
[2020.10.22-19.12.56:131][ 25]LogModuleManager: Shutting down and abandoning module SteamVR (322)
[2020.10.22-19.12.56:131][ 25]LogModuleManager: Shutting down and abandoning module ProceduralMeshComponentEditor (320)
[2020.10.22-19.12.56:143][ 25]LogModuleManager: Shutting down and abandoning module ProceduralMeshComponent (318)
[2020.10.22-19.12.56:148][ 25]LogModuleManager: Shutting down and abandoning module OculusLibrary (316)
[2020.10.22-19.12.56:148][ 25]LogModuleManager: Shutting down and abandoning module OculusInput (314)
[2020.10.22-19.12.56:148][ 25]LogModuleManager: Shutting down and abandoning module MobilePatchingUtils (312)
[2020.10.22-19.12.56:148][ 25]LogModuleManager: Shutting down and abandoning module CustomMeshComponent (310)
[2020.10.22-19.12.56:148][ 25]LogModuleManager: Shutting down and abandoning module CableComponent (308)
[2020.10.22-19.12.56:148][ 25]LogModuleManager: Shutting down and abandoning module ArchVisCharacter (306)
[2020.10.22-19.12.56:148][ 25]LogModuleManager: Shutting down and abandoning module AndroidPermission (304)
[2020.10.22-19.12.56:148][ 25]LogModuleManager: Shutting down and abandoning module MediaPlayerEditor (300)
[2020.10.22-19.12.56:249][ 25]LogModuleManager: Shutting down and abandoning module HTML5Networking (298)
[2020.10.22-19.12.56:249][ 25]LogModuleManager: Shutting down and abandoning module AlembicImporter (296)
[2020.10.22-19.12.56:278][ 25]LogModuleManager: Shutting down and abandoning module AlembicLibrary (295)
[2020.10.22-19.12.56:278][ 25]LogModuleManager: Shutting down and abandoning module GeometryCache (294)
[2020.10.22-19.12.56:306][ 25]LogModuleManager: Shutting down and abandoning module GeometryCacheEd (293)
[2020.10.22-19.12.56:306][ 25]LogModuleManager: Shutting down and abandoning module SuperSearchEditor (288)
[2020.10.22-19.12.56:306][ 25]LogModuleManager: Shutting down and abandoning module SuperSearch (287)
[2020.10.22-19.12.56:306][ 25]LogModuleManager: Shutting down and abandoning module SpeedTreeImporter (284)
[2020.10.22-19.12.56:306][ 25]LogModuleManager: Shutting down and abandoning module PluginBrowser (282)
[2020.10.22-19.12.56:374][ 25]LogModuleManager: Shutting down and abandoning module MobileLauncherProfileWizard (280)
[2020.10.22-19.12.56:428][ 25]LogModuleManager: Shutting down and abandoning module VisualStudioSourceCodeAccess (278)
[2020.10.22-19.12.56:455][ 25]LogModuleManager: Shutting down and abandoning module DesktopPlatform (277)
[2020.10.22-19.12.56:455][ 25]LogModuleManager: Shutting down and abandoning module UObjectPlugin (274)
[2020.10.22-19.12.56:455][ 25]LogModuleManager: Shutting down and abandoning module SubversionSourceControl (272)
[2020.10.22-19.12.56:465][ 25]LogModuleManager: Shutting down and abandoning module PerforceSourceControl (270)
[2020.10.22-19.12.56:502][ 25]LogModuleManager: Shutting down and abandoning module GitSourceControl (268)
[2020.10.22-19.12.56:532][ 25]LogModuleManager: Shutting down and abandoning module SourceControl (267)
[2020.10.22-19.12.56:568][ 25]LogModuleManager: Shutting down and abandoning module LightPropagationVolumeEditor (264)
[2020.10.22-19.12.56:568][ 25]LogModuleManager: Shutting down and abandoning module PaperTiledImporter (262)
[2020.10.22-19.12.56:568][ 25]LogModuleManager: Shutting down and abandoning module PaperSpriteSheetImporter (260)
[2020.10.22-19.12.56:568][ 25]LogModuleManager: Shutting down and abandoning module Paper2DEditor (258)
[2020.10.22-19.12.56:595][ 25]LogModuleManager: Shutting down and abandoning module MeshPaint (257)
[2020.10.22-19.12.56:622][ 25]LogModuleManager: Shutting down and abandoning module LevelEditor (255)
[2020.10.22-19.12.56:622][ 25]LogModuleManager: Shutting down and abandoning module PixelInspectorModule (254)
[2020.10.22-19.12.56:653][ 25]LogModuleManager: Shutting down and abandoning module MainFrame (252)
[2020.10.22-19.12.56:662][ 25]LogModuleManager: Shutting down and abandoning module HotReload (251)
[2020.10.22-19.12.56:672][ 25]LogModuleManager: Shutting down and abandoning module PhysXVehiclesEditor (246)
[2020.10.22-19.12.56:707][ 25]LogModuleManager: Shutting down and abandoning module PhysXVehicles (244)
[2020.10.22-19.12.56:707][ 25]LogModuleManager: Shutting down and abandoning module LocationServicesBPLibrary (242)
[2020.10.22-19.12.56:707][ 25]LogModuleManager: Shutting down and abandoning module ImmediatePhysicsEditor (240)
[2020.10.22-19.12.56:707][ 25]LogModuleManager: Shutting down and abandoning module ImmediatePhysics (238)
[2020.10.22-19.12.56:749][ 25]LogModuleManager: Shutting down and abandoning module UdpMessaging (236)
[2020.10.22-19.12.56:850][ 25]LogModuleManager: Shutting down and abandoning module TcpMessaging (234)
[2020.10.22-19.12.56:971][ 25]LogModuleManager: Shutting down and abandoning module GameplayTagsEditor (232)
[2020.10.22-19.12.57:166][ 25]LogModuleManager: Shutting down and abandoning module FacialAnimationEditor (230)
[2020.10.22-19.12.57:185][ 25]LogModuleManager: Shutting down and abandoning module FacialAnimation (228)
[2020.10.22-19.12.57:185][ 25]LogModuleManager: Shutting down and abandoning module AssetManagerEditor (226)
[2020.10.22-19.12.57:322][ 25]LogModuleManager: Shutting down and abandoning module GraphEditor (225)
[2020.10.22-19.12.57:454][ 25]LogModuleManager: Shutting down and abandoning module ContentBrowser (223)
[2020.10.22-19.12.57:455][ 25]LogModuleManager: Shutting down and abandoning module LightPropagationVolumeRuntime (220)
[2020.10.22-19.12.57:455][ 25]LogModuleManager: Shutting down and abandoning module Paper2D (218)
[2020.10.22-19.12.57:464][ 25]LogModuleManager: Shutting down and abandoning module WindowsMoviePlayer (216)
[2020.10.22-19.12.57:486][ 25]LogModuleManager: Shutting down and abandoning module WmfMedia (214)
[2020.10.22-19.12.57:565][ 25]LogModuleManager: Shutting down and abandoning module ClothingSystemEditor (212)
[2020.10.22-19.12.57:585][ 25]LogModuleManager: Shutting down and abandoning module ClothingSystemRuntime (210)
[2020.10.22-19.12.57:609][ 25]LogModuleManager: Shutting down and abandoning module MediaAssets (208)
[2020.10.22-19.12.57:609][ 25]LogModuleManager: Shutting down and abandoning module GameLiveStreaming (206)
[2020.10.22-19.12.57:610][ 25]LogModuleManager: Shutting down and abandoning module VREditor (204)
[2020.10.22-19.12.57:626][ 25]LogModuleManager: Shutting down and abandoning module StringTableEditor (202)
[2020.10.22-19.12.57:642][ 25]LogModuleManager: Shutting down and abandoning module GameplayTasksEditor (200)
[2020.10.22-19.12.57:642][ 25]LogModuleManager: Shutting down and abandoning module BehaviorTreeEditor (198)
[2020.10.22-19.12.57:702][ 25]LogModuleManager: Shutting down and abandoning module FunctionalTesting (196)
[2020.10.22-19.12.57:702][ 25]LogModuleManager: Shutting down and abandoning module CollisionAnalyzer (194)
[2020.10.22-19.12.57:753][ 25]LogModuleManager: Shutting down and abandoning module UMG (192)
[2020.10.22-19.12.57:772][ 25]LogModuleManager: Shutting down and abandoning module UMGEditor (191)
[2020.10.22-19.12.57:824][ 25]LogModuleManager: Shutting down and abandoning module Sequencer (190)
[2020.10.22-19.12.57:855][ 25]LogModuleManager: Shutting down and abandoning module AssetTools (188)
[2020.10.22-19.12.57:903][ 25]LogModuleManager: Shutting down and abandoning module MessageLog (187)
[2020.10.22-19.12.57:903][ 25]LogModuleManager: Shutting down and abandoning module WorkspaceMenuStructure (186)
[2020.10.22-19.12.57:903][ 25]LogModuleManager: Shutting down and abandoning module SlateReflector (180)
[2020.10.22-19.12.57:942][ 25]LogModuleManager: Shutting down and abandoning module Slate (178)
[2020.10.22-19.12.57:942][ 25]LogModuleManager: Shutting down and abandoning module EditorStyle (176)
[2020.10.22-19.12.57:944][ 25]LogModuleManager: Shutting down and abandoning module SourceCodeAccess (174)
[2020.10.22-19.12.57:944][ 25]LogModuleManager: Shutting down and abandoning module HeadMountedDisplay (172)
[2020.10.22-19.12.57:944][ 25]LogModuleManager: Shutting down and abandoning module XAudio2 (170)
[2020.10.22-19.12.57:944][ 25]LogModuleManager: Shutting down and abandoning module Networking (168)
[2020.10.22-19.12.57:944][ 25]LogModuleManager: Shutting down and abandoning module Core (164)
[2020.10.22-19.12.57:944][ 25]LogModuleManager: Shutting down and abandoning module AssetRegistry (162)
[2020.10.22-19.12.58:034][ 25]LogDirectoryWatcher: A directory notification for '../../../Engine/Content/' was aborted.
[2020.10.22-19.12.58:034][ 25]LogDirectoryWatcher: A directory notification for 'E:/UNIVERSIDAD-2020/Videojuegos/Unreal/Juego1/Content/' was aborted.
[2020.10.22-19.12.58:034][ 25]LogDirectoryWatcher: A directory notification for '../../../Engine/Plugins/2D/Paper2D/Content/' was aborted.
[2020.10.22-19.12.58:034][ 25]LogDirectoryWatcher: A directory notification for '../../../Engine/Plugins/Runtime/GearVR/Content/' was aborted.
[2020.10.22-19.12.58:069][ 25]LogModuleManager: Shutting down and abandoning module DirectoryWatcher (161)
[2020.10.22-19.12.58:069][ 25]LogModuleManager: Shutting down and abandoning module KismetCompiler (158)
[2020.10.22-19.12.58:069][ 25]LogModuleManager: Shutting down and abandoning module LevelSequence (156)
[2020.10.22-19.12.58:069][ 25]LogModuleManager: Shutting down and abandoning module PhysXFormats (154)
[2020.10.22-19.12.58:069][ 25]LogModuleManager: Shutting down and abandoning module MeshUtilities (152)
[2020.10.22-19.12.58:098][ 25]LogModuleManager: Shutting down and abandoning module SimplygonSwarm (151)
[2020.10.22-19.12.58:133][ 25]LogModuleManager: Shutting down and abandoning module SimplygonMeshReduction (149)
[2020.10.22-19.12.58:133][ 25]LogModuleManager: Shutting down and abandoning module QuadricMeshReduction (147)
[2020.10.22-19.12.58:142][ 25]LogModuleManager: Shutting down and abandoning module DerivedDataCache (144)
[2020.10.22-19.12.58:165][ 25]LogDerivedDataCache: Shutdown
[2020.10.22-19.12.58:165][ 25]LogModuleManager: Shutting down and abandoning module TargetPlatform (142)
[2020.10.22-19.12.58:165][ 25]LogModuleManager: Shutting down and abandoning module VulkanShaderFormat (141)
[2020.10.22-19.12.58:170][ 25]LogModuleManager: Shutting down and abandoning module ShaderFormatVectorVM (139)
[2020.10.22-19.12.58:175][ 25]LogModuleManager: Shutting down and abandoning module ShaderFormatOpenGL (137)
[2020.10.22-19.12.58:187][ 25]LogModuleManager: Shutting down and abandoning module ShaderFormatD3D (135)
[2020.10.22-19.12.58:195][ 25]LogModuleManager: Shutting down and abandoning module MetalShaderFormat (133)
[2020.10.22-19.12.58:238][ 25]LogModuleManager: Shutting down and abandoning module TextureFormatUncompressed (131)
[2020.10.22-19.12.58:238][ 25]LogModuleManager: Shutting down and abandoning module TextureFormatPVR (129)
[2020.10.22-19.12.58:238][ 25]LogModuleManager: Shutting down and abandoning module TextureFormatDXT (127)
[2020.10.22-19.12.58:252][ 25]LogModuleManager: Shutting down and abandoning module TextureFormatIntelISPCTexComp (125)
[2020.10.22-19.12.58:256][ 25]LogModuleManager: Shutting down and abandoning module TextureFormatASTC (123)
[2020.10.22-19.12.58:256][ 25]LogModuleManager: Shutting down and abandoning module ImageWrapper (122)
[2020.10.22-19.12.58:256][ 25]LogModuleManager: Shutting down and abandoning module TextureFormatAndroid (119)
[2020.10.22-19.12.58:256][ 25]LogModuleManager: Shutting down and abandoning module AudioFormatOpus (117)
[2020.10.22-19.12.58:256][ 25]LogModuleManager: Shutting down and abandoning module AudioFormatOgg (115)
[2020.10.22-19.12.58:256][ 25]LogModuleManager: Shutting down and abandoning module AudioFormatADPCM (113)
[2020.10.22-19.12.58:256][ 25]LogModuleManager: Shutting down and abandoning module LinuxTargetPlatform (111)
[2020.10.22-19.12.58:256][ 25]LogModuleManager: Shutting down and abandoning module LinuxServerTargetPlatform (109)
[2020.10.22-19.12.58:256][ 25]LogModuleManager: Shutting down and abandoning module LinuxNoEditorTargetPlatform (107)
[2020.10.22-19.12.58:256][ 25]LogModuleManager: Shutting down and abandoning module LinuxClientTargetPlatform (105)
[2020.10.22-19.12.58:256][ 25]LogModuleManager: Shutting down and abandoning module TVOSTargetPlatform (103)
[2020.10.22-19.12.58:256][ 25]LogModuleManager: Shutting down and abandoning module Messaging (101)
[2020.10.22-19.12.58:256][ 25]LogModuleManager: Shutting down and abandoning module IOSTargetPlatform (99)
[2020.10.22-19.12.58:256][ 25]LogModuleManager: Shutting down and abandoning module HTML5TargetPlatform (97)
[2020.10.22-19.12.58:256][ 25]LogModuleManager: Shutting down and abandoning module Android_PVRTCTargetPlatform (95)
[2020.10.22-19.12.58:256][ 25]LogModuleManager: Shutting down and abandoning module Android_MultiTargetPlatform (93)
[2020.10.22-19.12.58:256][ 25]LogModuleManager: Shutting down and abandoning module Android_ETC2TargetPlatform (91)
[2020.10.22-19.12.58:256][ 25]LogModuleManager: Shutting down and abandoning module Android_ETC1TargetPlatform (89)
[2020.10.22-19.12.58:256][ 25]LogModuleManager: Shutting down and abandoning module Android_DXTTargetPlatform (87)
[2020.10.22-19.12.58:256][ 25]LogModuleManager: Shutting down and abandoning module Android_ATCTargetPlatform (85)
[2020.10.22-19.12.58:256][ 25]LogModuleManager: Shutting down and abandoning module Android_ASTCTargetPlatform (83)
[2020.10.22-19.12.58:256][ 25]LogModuleManager: Shutting down and abandoning module AndroidTargetPlatform (81)
[2020.10.22-19.12.58:256][ 25]LogModuleManager: Shutting down and abandoning module WindowsTargetPlatform (79)
[2020.10.22-19.12.58:256][ 25]LogModuleManager: Shutting down and abandoning module WindowsServerTargetPlatform (77)
[2020.10.22-19.12.58:256][ 25]LogModuleManager: Shutting down and abandoning module WindowsNoEditorTargetPlatform (75)
[2020.10.22-19.12.58:256][ 25]LogModuleManager: Shutting down and abandoning module WindowsClientTargetPlatform (73)
[2020.10.22-19.12.58:256][ 25]LogModuleManager: Shutting down and abandoning module MacTargetPlatform (71)
[2020.10.22-19.12.58:256][ 25]LogModuleManager: Shutting down and abandoning module MacServerTargetPlatform (69)
[2020.10.22-19.12.58:256][ 25]LogModuleManager: Shutting down and abandoning module MacNoEditorTargetPlatform (67)
[2020.10.22-19.12.58:256][ 25]LogModuleManager: Shutting down and abandoning module MacClientTargetPlatform (65)
[2020.10.22-19.12.58:256][ 25]LogModuleManager: Shutting down and abandoning module AllDesktopTargetPlatform (63)
[2020.10.22-19.12.58:256][ 25]LogModuleManager: Shutting down and abandoning module InputCore (60)
[2020.10.22-19.12.58:256][ 25]LogModuleManager: Shutting down and abandoning module Settings (58)
[2020.10.22-19.12.58:256][ 25]LogModuleManager: Shutting down and abandoning module OculusRift (56)
[2020.10.22-19.12.58:278][ 25]LogModuleManager: Shutting down and abandoning module GearVRController (54)
[2020.10.22-19.12.58:278][ 25]LogModuleManager: Shutting down and abandoning module GearVR (52)
[2020.10.22-19.12.58:299][ 25]LogModuleManager: Shutting down and abandoning module ExampleDeviceProfileSelector (50)
[2020.10.22-19.12.58:299][ 25]LogModuleManager: Shutting down and abandoning module OnlineBlueprintSupport (48)
[2020.10.22-19.12.58:299][ 25]LogModuleManager: Shutting down and abandoning module OnlineSubsystem (44)
[2020.10.22-19.12.58:299][ 25]LogOnline:Display: Unloading online subsystem: NULL
[2020.10.22-19.12.58:344][ 25]LogModuleManager: Shutting down and abandoning module XMPP (43)
[2020.10.22-19.12.58:376][ 25]LogModuleManager: Shutting down and abandoning module HTTP (41)
[2020.10.22-19.12.58:376][ 25]LogHttp:Display: Http module shutting down, but needs to wait on 1 outstanding Http requests:
[2020.10.22-19.12.58:376][ 25]LogHttp:Display: 	verb=[POST] url=[https://datarouter.ol.epicgames.com/datarouter/api/v1/public/data?SessionID=%7B6DA99A6A-46AC-3F38-CB77-928E30D6796D%7D&AppID=UEEditor.Rocket.Release&AppVersion=4.16.3-3561208%2B%2B%2BUE4%2BRelease-4.16&UserID=71e3eede40ce40ba4d60989b4a563073%7C66351ebe36bd4018b833881313c6dbc1%7Ca6157c1d-9ba7-4af0-8766-eef2bb7b5bed&AppEnvironment=datacollector-binary&UploadType=eteventstream] status=Processing
[2020.10.22-19.12.58:411][ 25]LogModuleManager: Shutting down and abandoning module SSL (40)
[2020.10.22-19.12.58:459][ 25]LogModuleManager: Shutting down and abandoning module HTTPChunkInstaller (36)
[2020.10.22-19.12.58:495][ 25]LogModuleManager: Shutting down and abandoning module AnimationModifiers (34)
[2020.10.22-19.12.58:530][ 25]LogModuleManager: Shutting down and abandoning module PropertyEditor (33)
[2020.10.22-19.12.58:530][ 25]LogModuleManager: Shutting down and abandoning module AudioEditor (30)
[2020.10.22-19.12.58:531][ 25]LogModuleManager: Shutting down and abandoning module TextureCompressor (28)
[2020.10.22-19.12.58:570][ 25]LogModuleManager: Shutting down and abandoning module ShaderCore (26)
[2020.10.22-19.12.58:570][ 25]LogModuleManager: Shutting down and abandoning module Landscape (24)
[2020.10.22-19.12.58:570][ 25]LogModuleManager: Shutting down and abandoning module SlateRHIRenderer (22)
[2020.10.22-19.12.58:584][ 25]LogModuleManager: Shutting down and abandoning module OpenGLDrv (20)
[2020.10.22-19.12.58:606][ 25]LogModuleManager: Shutting down and abandoning module D3D11RHI (18)
[2020.10.22-19.12.58:606][ 25]LogModuleManager: Shutting down and abandoning module AnimGraphRuntime (16)
[2020.10.22-19.12.58:615][ 25]LogModuleManager: Shutting down and abandoning module Renderer (14)
[2020.10.22-19.12.58:615][ 25]LogModuleManager: Shutting down and abandoning module Engine (12)
[2020.10.22-19.12.58:615][ 25]LogModuleManager: Shutting down and abandoning module CoreUObject (10)
[2020.10.22-19.12.58:615][ 25]LogModuleManager: Shutting down and abandoning module NetworkFile (8)
[2020.10.22-19.12.58:620][ 25]LogModuleManager: Shutting down and abandoning module StreamingFile (6)
[2020.10.22-19.12.58:656][ 25]LogModuleManager: Shutting down and abandoning module SandboxFile (4)
[2020.10.22-19.12.58:660][ 25]LogModuleManager: Shutting down and abandoning module PakFile (2)
[2020.10.22-19.12.58:693][ 25]LogExit: Exiting.
[2020.10.22-19.12.58:711][ 25]Log file closed, 10/22/20 21:12:58
