Log file open, 10/29/20 15:38:51
LogInit:Display: Running engine for game: Juego1
LogPlatformFile: Not using cached read wrapper
LogInit:Display: RandInit(-556886064) SRandInit(-556886064).
LogTaskGraph: Started task graph with 5 named threads and 8 total threads with 1 sets of task threads.
LogStats: Stats thread started at 4.426255
LogInit: Using libcurl 7.47.1
LogInit:  - built for x86_64-pc-win32
LogInit:  - supports SSL with OpenSSL/1.0.2g
LogInit:  - supports HTTP deflate (compression) using libz 1.2.8
LogInit:  - other features:
LogInit:      CURL_VERSION_SSL
LogInit:      CURL_VERSION_LIBZ
LogInit:      CURL_VERSION_IPV6
LogInit:      CURL_VERSION_ASYNCHDNS
LogInit:      CURL_VERSION_LARGEFILE
LogInit:      CURL_VERSION_IDN
LogInit:  CurlRequestOptions (configurable via config and command line):
LogInit:  - bVerifyPeer = false  - Libcurl will NOT verify peer certificate
LogInit:  - bUseHttpProxy = false  - Libcurl will NOT use HTTP proxy
LogInit:  - bDontReuseConnections = false  - Libcurl will reuse connections
LogInit:  - CertBundlePath = nullptr  - Libcurl will use whatever was configured at build time.
LogInit: Build: ++UE4+Release-4.16-CL-3561208
LogInit: Engine Version: 4.16.3-3561208+++UE4+Release-4.16
LogInit: Compatible Engine Version: 4.16.0-3452394+++UE4+Release-4.16
LogInit: Net CL: 3452394
LogDevObjectVersion: Number of dev versions registered: 16
LogDevObjectVersion:   Dev-Blueprints (B0D832E4-1F89-4F0D-ACCF-7EB736FD4AA2): 9
LogDevObjectVersion:   Dev-Build (E1C64328-A22C-4D53-A36C-8E866417BD8C): 0
LogDevObjectVersion:   Dev-Core (375EC13C-06E4-48FB-B500-84F0262A717E): 2
LogDevObjectVersion:   Dev-Editor (E4B068ED-F494-42E9-A231-DA0B2E46BB41): 17
LogDevObjectVersion:   Dev-Framework (CFFC743F-43B0-4480-9391-14DF171D2073): 23
LogDevObjectVersion:   Dev-Mobile (B02B49B5-BB20-44E9-A304-32B752E40360): 0
LogDevObjectVersion:   Dev-Networking (A4E4105C-59A1-49B5-A7C5-40C4547EDFEE): 0
LogDevObjectVersion:   Dev-Online (39C831C9-5AE6-47DC-9A44-9C173E1C8E7C): 0
LogDevObjectVersion:   Dev-Physics (78F01B33-EBEA-4F98-B9B4-84EACCB95AA2): 0
LogDevObjectVersion:   Dev-Platform (6631380F-2D4D-43E0-8009-CF276956A95A): 0
LogDevObjectVersion:   Dev-Rendering (12F88B9F-8875-4AFC-A67C-D90C383ABD29): 15
LogDevObjectVersion:   Dev-Sequencer (7B5AE74C-D270-4C10-A958-57980B212A5A): 4
LogDevObjectVersion:   Dev-VR (D7296918-1DD6-4BDD-9DE2-64A83CC13884): 0
LogDevObjectVersion:   Dev-LoadTimes (C2A15278-BFE7-4AFE-6C17-90FF531DF755): 1
LogDevObjectVersion:   Private-Geometry (6EACA3D4-40EC-4CC1-B786-8BED09428FC5): 1
LogDevObjectVersion:   Dev-AnimPhys (29E575DD-E0A3-4627-9D10-D276232CDCEA): 3
LogInit: Compiled (64-bit): Jul 28 2017 11:49:47
LogInit: Compiled with Visual C++: 19.00.24215.01
LogInit: Build Configuration: Development
LogInit: Branch Name: ++UE4+Release-4.16
LogInit: Command line:  
LogInit: Base directory: F:/Juegos Epic/UE_4.16/Engine/Binaries/Win64/
LogInit: Installed Engine Build: 1
LogInit: Presizing for max 8388607 objects, including 0 objects not considered by GC, pre-allocating 0 bytes for permanent pool.
LogInit: Object subsystem initialized
[2020.10.29-14.38.52:767][  0]LogInit: Selected Device Profile: [Windows]
[2020.10.29-14.38.52:767][  0]LogInit: Applying CVar settings loaded from the selected device profile: [Windows]
[2020.10.29-14.38.52:931][  0]LogInit: Computer: ELBARTO
[2020.10.29-14.38.52:931][  0]LogInit: User: aleja
[2020.10.29-14.38.52:931][  0]LogInit: CPU Page size=4096, Cores=4
[2020.10.29-14.38.52:931][  0]LogInit: High frequency timer resolution =10.000000 MHz
[2020.10.29-14.38.52:931][  0]LogMemory: Memory total: Physical=16.0GB (16GB approx)
[2020.10.29-14.38.52:931][  0]LogMemory: Platform Memory Stats for Windows
[2020.10.29-14.38.52:931][  0]LogMemory: Process Physical Memory: 277.44 MB used, 277.44 MB peak
[2020.10.29-14.38.52:931][  0]LogMemory: Process Virtual Memory: 261.15 MB used, 261.15 MB peak
[2020.10.29-14.38.52:931][  0]LogMemory: Physical Memory: 7360.44 MB used,  8990.70 MB free, 16351.14 MB total
[2020.10.29-14.38.52:931][  0]LogMemory: Virtual Memory: 4758.63 MB used,  8990.70 MB free, 134217728.00 MB total
[2020.10.29-14.38.54:660][  0]LogInit: Overriding language with editor language configuration option (en).
[2020.10.29-14.38.54:660][  0]LogInit: Overriding locale with editor locale configuration option (en).
[2020.10.29-14.39.02:156][  0]LogD3D11RHI: D3D11 adapters:
[2020.10.29-14.39.02:266][  0]LogD3D11RHI:    0. 'NVIDIA GeForce GTX 1070' (Feature Level 11_0)
[2020.10.29-14.39.02:266][  0]LogD3D11RHI:       8088/0/8175 MB DedicatedVideo/DedicatedSystem/SharedSystem, Outputs:2, VendorId:0x10de
[2020.10.29-14.39.02:269][  0]LogD3D11RHI:    1. 'Microsoft Basic Render Driver' (Feature Level 11_0)
[2020.10.29-14.39.02:269][  0]LogD3D11RHI:       0/0/8175 MB DedicatedVideo/DedicatedSystem/SharedSystem, Outputs:0, VendorId:0x1414
[2020.10.29-14.39.02:269][  0]LogD3D11RHI: Chosen D3D11 Adapter: 0
[2020.10.29-14.39.02:282][  0]LogD3D11RHI: Creating new Direct3DDevice
[2020.10.29-14.39.02:283][  0]LogD3D11RHI:     GPU DeviceId: 0x1b81 (for the marketing name, search the web for "GPU Device Id")
[2020.10.29-14.39.02:283][  0]LogWindows: EnumDisplayDevices:
[2020.10.29-14.39.02:283][  0]LogWindows:    0. 'NVIDIA GeForce GTX 1070' (P:0 D:1)
[2020.10.29-14.39.02:283][  0]LogWindows:    1. 'NVIDIA GeForce GTX 1070' (P:1 D:1)
[2020.10.29-14.39.02:284][  0]LogWindows:    2. 'NVIDIA GeForce GTX 1070' (P:0 D:0)
[2020.10.29-14.39.02:284][  0]LogWindows:    3. 'NVIDIA GeForce GTX 1070' (P:0 D:0)
[2020.10.29-14.39.02:284][  0]LogWindows: DebugString: GetVideoDriverDetailsInvalid PrimaryIsNotTheChoosenAdapter GetVideoDriverDetailsInvalid PrimaryIsNotTheChoosenAdapter GetVideoDriverDetailsInvalid PrimaryIsNotTheChoosenAdapter GetVideoDriverDetailsInvalid PrimaryIsNotTheChoosenAdapter FoundDriverCount:0 
[2020.10.29-14.39.02:284][  0]LogD3D11RHI:     Adapter Name: NVIDIA GeForce GTX 1070
[2020.10.29-14.39.02:284][  0]LogD3D11RHI:   Driver Version: Unknown (internal:Unknown, unified:Unknown)
[2020.10.29-14.39.02:284][  0]LogD3D11RHI:      Driver Date: Unknown
[2020.10.29-14.39.02:284][  0]LogRHI: Texture pool is 1361 MB (70% of 1945 MB)
[2020.10.29-14.39.02:382][  0]LogD3D11RHI: Async texture creation enabled
[2020.10.29-14.39.02:763][  0]LogD3D11RHI: GPU Timing Frequency: 1000.000000 (Debug: 2 1)
[2020.10.29-14.39.02:846][  0]LogShaderCompilers: Guid format shader working directory is 0 characters bigger than the processId version (E:/UNIVERSIDAD-2020/Videojuegos/Unreal/Juego1/Intermediate/Shaders/WorkingDirectory/16092/).
[2020.10.29-14.39.02:846][  0]LogShaderCompilers: Cleaned the shader compiler working directory 'C:/Users/aleja/AppData/Local/Temp/UnrealShaderWorkingDir/017960144F832B68FBD084BD04E19C7E/'.
[2020.10.29-14.39.02:848][  0]LogShaderCompilers:Display: Using Local Shader Compiler.
[2020.10.29-14.39.08:377][  0]LogTemp:Display: Loaded TP AllDesktopTargetPlatform
[2020.10.29-14.39.08:446][  0]LogTemp:Display: Loaded TP MacClientTargetPlatform
[2020.10.29-14.39.08:521][  0]LogTemp:Display: Loaded TP MacNoEditorTargetPlatform
[2020.10.29-14.39.08:596][  0]LogTemp:Display: Loaded TP MacServerTargetPlatform
[2020.10.29-14.39.08:682][  0]LogTemp:Display: Loaded TP MacTargetPlatform
[2020.10.29-14.39.08:752][  0]LogTemp:Display: Loaded TP WindowsClientTargetPlatform
[2020.10.29-14.39.08:823][  0]LogTemp:Display: Loaded TP WindowsNoEditorTargetPlatform
[2020.10.29-14.39.08:891][  0]LogTemp:Display: Loaded TP WindowsServerTargetPlatform
[2020.10.29-14.39.08:954][  0]LogTemp:Display: Loaded TP WindowsTargetPlatform
[2020.10.29-14.39.09:032][  0]LogTemp:Display: Loaded TP AndroidTargetPlatform
[2020.10.29-14.39.09:099][  0]LogTemp:Display: Loaded TP Android_ASTCTargetPlatform
[2020.10.29-14.39.09:166][  0]LogTemp:Display: Loaded TP Android_ATCTargetPlatform
[2020.10.29-14.39.09:231][  0]LogTemp:Display: Loaded TP Android_DXTTargetPlatform
[2020.10.29-14.39.09:304][  0]LogTemp:Display: Loaded TP Android_ETC1TargetPlatform
[2020.10.29-14.39.09:375][  0]LogTemp:Display: Loaded TP Android_ETC2TargetPlatform
[2020.10.29-14.39.09:513][  0]LogTemp:Display: Loaded TP Android_MultiTargetPlatform
[2020.10.29-14.39.09:513][  0]LogTemp:Display: Loaded TP Android_PVRTCTargetPlatform
[2020.10.29-14.39.09:567][  0]LogTemp:Display: Loaded TP HTML5TargetPlatform
[2020.10.29-14.39.09:761][  0]LogTemp:Display: Loaded TP IOSTargetPlatform
[2020.10.29-14.39.09:804][  0]LogTemp:Display: Loaded TP TVOSTargetPlatform
[2020.10.29-14.39.09:873][  0]LogTemp:Display: Loaded TP LinuxClientTargetPlatform
[2020.10.29-14.39.09:942][  0]LogTemp:Display: Loaded TP LinuxNoEditorTargetPlatform
[2020.10.29-14.39.10:011][  0]LogTemp:Display: Loaded TP LinuxServerTargetPlatform
[2020.10.29-14.39.10:113][  0]LogTemp:Display: Loaded TP LinuxTargetPlatform
[2020.10.29-14.39.10:113][  0]LogTargetPlatformManager:Display: Building Assets For Windows
[2020.10.29-14.39.12:004][  0]LogDerivedDataCache:Display: Max Cache Size: 512 MB
[2020.10.29-14.39.12:767][  0]LogDerivedDataCache: Loaded boot cache 0.76s 90MB C:/Users/aleja/AppData/Local/UnrealEngine/4.16/DerivedDataCache/Boot.ddc.
[2020.10.29-14.39.12:767][  0]LogDerivedDataCache:Display: Loaded Boot cache: C:/Users/aleja/AppData/Local/UnrealEngine/4.16/DerivedDataCache/Boot.ddc
[2020.10.29-14.39.12:768][  0]LogDerivedDataCache: FDerivedDataBackendGraph:  Pak pak cache file E:/UNIVERSIDAD-2020/Videojuegos/Unreal/Juego1/DerivedDataCache/DDC.ddp not found, will not use a pak cache.
[2020.10.29-14.39.12:768][  0]LogDerivedDataCache: Unable to find inner node Pak for hierarchical cache Hierarchy.
[2020.10.29-14.39.12:768][  0]LogDerivedDataCache: FDerivedDataBackendGraph:  CompressedPak pak cache file E:/UNIVERSIDAD-2020/Videojuegos/Unreal/Juego1/DerivedDataCache/Compressed.ddp not found, will not use a pak cache.
[2020.10.29-14.39.12:768][  0]LogDerivedDataCache: Unable to find inner node CompressedPak for hierarchical cache Hierarchy.
[2020.10.29-14.39.12:868][  0]LogDerivedDataCache:Display: Pak cache opened for reading ../../../Engine/DerivedDataCache/Compressed.ddp.
[2020.10.29-14.39.12:881][  0]LogDerivedDataCache: Using Local data cache path C:/Users/aleja/AppData/Local/UnrealEngine/Common/DerivedDataCache: Writable
[2020.10.29-14.39.12:955][  0]LogMaterial: Verifying Global Shaders for PCD3D_SM5
[2020.10.29-14.39.13:016][  0]LogSlate: Using Freetype 2.6.0
[2020.10.29-14.39.13:170][  0]LogSlate: SlateFontCache - WITH_FREETYPE: 1, WITH_HARFBUZZ: 1
[2020.10.29-14.39.13:170][  0]LogSlate: SlateFontCache - WITH_FREETYPE: 1, WITH_HARFBUZZ: 1
[2020.10.29-14.39.23:211][  0]LogInit: Selected Device Profile: [Windows]
[2020.10.29-14.39.24:535][  0]LogContentStreaming: Texture pool size is 0.00 MB
[2020.10.29-14.39.25:550][  0]LogMeshUtilities: Using QuadricMeshReduction for automatic static mesh reduction
[2020.10.29-14.39.25:782][  0]LogSimplygon: Simplygon DLL not present - disabling.
[2020.10.29-14.39.25:883][  0]LogMeshUtilities: Using SimplygonSwarm for distributed automatic mesh merging
[2020.10.29-14.39.25:883][  0]LogMeshUtilities: No automatic skeletal mesh reduction module available
[2020.10.29-14.39.25:883][  0]LogMeshUtilities: No automatic mesh merging module available
[2020.10.29-14.39.32:129][  0]LogNetVersion: Juego1 , NetCL: 3452394, EngineNetVer: 2, GameNetVer: 0 (Checksum: 2391944700)
[2020.10.29-14.39.32:560][  0]LogAssetRegistry: FAssetRegistry took 0.0291 seconds to start up
[2020.10.29-14.39.32:682][  0]LogPackageLocalizationCache: Processed 4 localized package path(s) for 1 prioritized culture(s) in 0.069836 seconds
[2020.10.29-14.39.32:688][  0]LogUObjectArray: 34194 objects as part of root set at end of initial load.
[2020.10.29-14.39.32:688][  0]LogUObjectAllocator: 7260424 out of 0 bytes used by permanent object pool.
[2020.10.29-14.39.32:688][  0]LogUObjectArray: CloseDisregardForGC: 0/0 objects in disregard for GC pool
[2020.10.29-14.39.32:841][  0]LogInit: WinSock: version 1.1 (2.2), MaxSocks=32767, MaxUdp=65467
[2020.10.29-14.39.54:842][  0]LogTcpMessaging: Initializing TcpMessaging bridge
[2020.10.29-14.39.54:927][  0]LogUdpMessaging: Initializing bridge on interface 0.0.0.0:0 to multicast group 230.0.0.1:6666.
[2020.10.29-14.39.57:060][  0]LogMaterial: Uniform references updated for custom material expression Custom.
[2020.10.29-14.39.58:122][  0]SourceControl: Info Source control is disabled
[2020.10.29-14.39.58:136][  0]SourceControl: Info Source control is disabled
[2020.10.29-14.39.58:284][  0]SourceControl: Info Source control is disabled
[2020.10.29-14.39.58:356][  0]SourceControl: Info Source control is disabled
[2020.10.29-14.40.00:419][  0]LogAndroidPermission: UAndroidPermissionCallbackProxy::GetInstance
[2020.10.29-14.40.01:903][  0]LogEngine: Initializing Engine...
[2020.10.29-14.40.02:033][  0]LogHMD: Failed to initialize OpenVR with code 110
[2020.10.29-14.40.03:043][  0]LogStats: UGameplayTagsManager::ConstructGameplayTagTree: Construct from data asset -  0.000 s
[2020.10.29-14.40.03:043][  0]LogStats: UGameplayTagsManager::ConstructGameplayTagTree: GameplayTagTreeChangedEvent.Broadcast -  0.000 s
[2020.10.29-14.40.03:705][  0]LogAIModule: Creating AISystem for world Untitled
[2020.10.29-14.40.03:875][  0]LogInit: XAudio2 using 'PHL 273V5 (NVIDIA High Definition Audio)' : 2 channels at 48 kHz using 16 bits per sample (channel mask 0x3)
[2020.10.29-14.40.03:911][  0]LogInit: FAudioDevice initialized.
[2020.10.29-14.40.03:956][  0]LogDerivedDataCache: Saved boot cache 0.04s 90MB C:/Users/aleja/AppData/Local/UnrealEngine/4.16/DerivedDataCache/Boot.ddc.
[2020.10.29-14.40.03:974][  0]LogInit: Texture streaming: Enabled
[2020.10.29-14.40.04:245][  0]LogEngineSessionManager: EngineSessionManager initialized
[2020.10.29-14.40.04:881][  0]LogInit: Transaction tracking system initialized
[2020.10.29-14.40.05:601][  0]BlueprintLog: New page: Editor Load
[2020.10.29-14.40.07:892][  0]LocalizationService: Info Localization service is disabled
[2020.10.29-14.40.09:538][  0]LogConsoleResponse:Display: 
[2020.10.29-14.40.12:473][  0]LogFileCache: Scanning file cache for directory 'E:/UNIVERSIDAD-2020/Videojuegos/Unreal/Juego1/Content/' took 0.02s
[2020.10.29-14.40.12:473][  0]LogCook:Display: Max memory allowance for cook 16384mb min free memory 0mb
[2020.10.29-14.40.12:473][  0]LogCook:Display: Mobile HDR setting 1
[2020.10.29-14.40.15:988][  0]SourceControl: Info Source control is disabled
[2020.10.29-14.40.16:019][  0]Cmd: MAP LOAD FILE="E:/UNIVERSIDAD-2020/Videojuegos/Unreal/Juego1/Content/nivel1.umap" TEMPLATE=0 SHOWPROGRESS=1 FEATURELEVEL=3
[2020.10.29-14.40.16:068][  0]LightingResults: New page: Lighting Build
[2020.10.29-14.40.16:253][  0]MapCheck: New page: Map Check
[2020.10.29-14.40.16:254][  0]LightingResults: New page: Lighting Build
[2020.10.29-14.40.18:071][  0]LogAIModule: Creating AISystem for world nivel1
[2020.10.29-14.40.18:509][  0]LogEditorServer: Finished looking for orphan Actors (0.000 secs)
[2020.10.29-14.40.18:572][  0]Cmd: MAP CHECKDEP NOCLEARLOG
[2020.10.29-14.40.18:669][  0]MapCheck: Info Map check complete: 0 Error(s), 0 Warning(s), took 96.894ms to complete.
[2020.10.29-14.40.18:669][  0]LogFileHelpers: Loading map 'nivel1' took 2.652
[2020.10.29-14.40.24:791][  0]LogCollectionManager: Loaded 0 collections in 0.002074 seconds
[2020.10.29-14.40.25:064][  0]LogFileCache: Scanning file cache for directory 'E:/UNIVERSIDAD-2020/Videojuegos/Unreal/Juego1/Saved/Collections/' took 0.01s
[2020.10.29-14.40.25:064][  0]LogFileCache: Scanning file cache for directory 'E:/UNIVERSIDAD-2020/Videojuegos/Unreal/Juego1/Content/Developers/aleja/Collections/' took 0.01s
[2020.10.29-14.40.25:064][  0]LogFileCache: Scanning file cache for directory 'E:/UNIVERSIDAD-2020/Videojuegos/Unreal/Juego1/Content/Collections/' took 0.01s
[2020.10.29-14.40.25:064][  0]LogCollectionManager: Rebuilt the GUID cache for 0 collections in 0.000011 seconds
[2020.10.29-14.40.25:076][  0]LogContentBrowser: Native class hierarchy populated in 0.0109 seconds. Added 2329 classes and 491 folders.
[2020.10.29-14.40.25:208][  0]LogContentBrowser: Native class hierarchy updated for 'WidgetCarousel' in 0.0008 seconds. Added 0 classes and 0 folders.
[2020.10.29-14.40.26:674][  0]LogContentBrowser: Native class hierarchy updated for 'AddContentDialog' in 0.0015 seconds. Added 0 classes and 0 folders.
[2020.10.29-14.40.26:889][  0]LogContentBrowser: Native class hierarchy updated for 'SceneOutliner' in 0.0009 seconds. Added 1 classes and 2 folders.
[2020.10.29-14.40.27:418][  0]LogCrashTracker: Crashtracker disabled due to settings.
[2020.10.29-14.40.27:537][  0]LogSlate: Took 0.015484 seconds to synchronously load lazily loaded font '../../../Engine/Content/Slate/Fonts/Roboto-Regular.ttf' (155K)
[2020.10.29-14.40.27:549][  0]LogSlate: Took 0.010215 seconds to synchronously load lazily loaded font '../../../Engine/Content/Slate/Fonts/Roboto-Bold.ttf' (160K)
[2020.10.29-14.40.27:591][  0]LogSlate: Took 0.015887 seconds to synchronously load lazily loaded font '../../../Engine/Content/Editor/Slate/Fonts/FontAwesome.ttf' (139K)
[2020.10.29-14.40.28:149][  0]LogRenderer: Reallocating scene render targets to support 1164x612 NumSamples 1 (Frame:1).
[2020.10.29-14.40.28:633][  0]LogSlate: Took 0.008133 seconds to synchronously load lazily loaded font '../../../Engine/Content/Slate/Fonts/Roboto-Light.ttf' (159K)
[2020.10.29-14.40.28:732][  0]LogUObjectGlobals:Warning: Failed to find object 'Class None.'
[2020.10.29-14.40.28:908][  0]LogContentBrowser: Native class hierarchy updated for 'HierarchicalLODOutliner' in 0.0013 seconds. Added 1 classes and 2 folders.
[2020.10.29-14.40.28:908][  0]LogLoad: (Engine Initialization) Total time: 113.69 seconds
[2020.10.29-14.40.28:908][  0]LogLoad: (Engine Initialization) Total Blueprint compile time: 0.79 seconds
[2020.10.29-14.40.28:908][  0]LogExternalProfiler: No external profilers were discovered.  External profiling features will not be available.
[2020.10.29-14.40.29:249][  0]LogOcInput: OculusInput pre-init called
[2020.10.29-14.40.29:249][  0]LogHMD: Starting GearVRController plugin
[2020.10.29-14.40.29:357][  0]LogContentStreaming: Texture pool size now 1000 MB
[2020.10.29-14.40.29:925][  2]LogAssetRegistry: Asset discovery search completed in 57.3873 seconds
[2020.10.29-14.40.29:927][  2]LogCollectionManager: Rebuilt the object cache for 0 collections in 0.000001 seconds (found 0 objects)
[2020.10.29-14.40.29:927][  2]LogCollectionManager: Fixed up redirectors for 0 collections in 0.000053 seconds (updated 0 objects)
[2020.10.29-14.40.36:620][ 22]LogEditorViewport: Clicking on Actor (LMB): BP_Sky_Sphere_C (Sky Sphere)
[2020.10.29-14.40.47:512][128]LogSlate: Took 0.000275 seconds to synchronously load lazily loaded font '../../../Engine/Content/Slate/Fonts/Roboto-Light.ttf' (159K)
[2020.10.29-14.40.47:590][128]Cmd: MAP LOAD FILE="E:/UNIVERSIDAD-2020/Videojuegos/Unreal/Juego1/Content/nivel1.umap" TEMPLATE=0 SHOWPROGRESS=1 FEATURELEVEL=3
[2020.10.29-14.40.47:590][128]LightingResults: New page: Lighting Build
[2020.10.29-14.40.47:591][128]LoadErrors: New page: Loading map: nivel1.umap
[2020.10.29-14.40.47:605][128]MapCheck: New page: Map Check
[2020.10.29-14.40.47:605][128]LightingResults: New page: Lighting Build
[2020.10.29-14.40.47:640][128]LogAIModule: Creating AISystem for world nivel1
[2020.10.29-14.40.47:647][128]LogEditorServer: Finished looking for orphan Actors (0.000 secs)
[2020.10.29-14.40.47:687][128]Cmd: MAP CHECKDEP NOCLEARLOG
[2020.10.29-14.40.47:755][128]MapCheck: Info Map check complete: 0 Error(s), 0 Warning(s), took 67.819ms to complete.
[2020.10.29-14.40.47:756][128]LogFileHelpers: Loading map 'nivel1' took 0.183
[2020.10.29-14.41.53:811][870]LogSlate: Took 0.000300 seconds to synchronously load lazily loaded font '../../../Engine/Content/Slate/Fonts/Roboto-Regular.ttf' (155K)
[2020.10.29-14.41.54:229][870]LogContentBrowser: Native class hierarchy updated for 'BlueprintGraph' in 0.0018 seconds. Added 112 classes and 0 folders.
[2020.10.29-14.41.55:865][870]LogSlate: Took 0.015842 seconds to synchronously load lazily loaded font '../../../Engine/Content/Editor/Slate/Fonts/Roboto-BoldCondensed.ttf' (158K)
[2020.10.29-14.41.56:332][871]LogSlate: Took 0.018524 seconds to synchronously load lazily loaded font '../../../Engine/Content/Editor/Slate/Fonts/Roboto-Italic.ttf' (157K)
[2020.10.29-14.45.58:404][112]Cmd: OBJ SAVEPACKAGE PACKAGE="/Game/StarterContent/Jugador/Enemigo/Enemigo" FILE="E:/UNIVERSIDAD-2020/Videojuegos/Unreal/Juego1/Content/StarterContent/Jugador/Enemigo/Enemigo.uasset" SILENT=true
[2020.10.29-14.45.58:499][112]LogSavePackage: Save=69.76ms
[2020.10.29-14.45.58:499][112]LogSavePackage: Moving 'E:/UNIVERSIDAD-2020/Videojuegos/Unreal/Juego1/Saved/Enemigo6917DD094C953F5C71AA2FA5C81C7376.tmp' to 'E:/UNIVERSIDAD-2020/Videojuegos/Unreal/Juego1/Content/StarterContent/Jugador/Enemigo/Enemigo.uasset'
[2020.10.29-14.45.58:558][112]LogSavePackage:Display: Finished SavePackage E:/UNIVERSIDAD-2020/Videojuegos/Unreal/Juego1/Content/StarterContent/Jugador/Enemigo/Enemigo.uasset
[2020.10.29-14.46.12:193][345]Cmd: OBJ SAVEPACKAGE PACKAGE="/Game/StarterContent/Jugador/Enemigo/Enemigo" FILE="E:/UNIVERSIDAD-2020/Videojuegos/Unreal/Juego1/Content/StarterContent/Jugador/Enemigo/Enemigo.uasset" SILENT=true
[2020.10.29-14.46.12:247][345]LogSavePackage: Save=44.93ms
[2020.10.29-14.46.12:247][345]LogSavePackage: Moving 'E:/UNIVERSIDAD-2020/Videojuegos/Unreal/Juego1/Saved/EnemigoD89057B7422985674CF5458752F01ABA.tmp' to 'E:/UNIVERSIDAD-2020/Videojuegos/Unreal/Juego1/Content/StarterContent/Jugador/Enemigo/Enemigo.uasset'
[2020.10.29-14.46.12:252][345]LogSavePackage:Display: Finished SavePackage E:/UNIVERSIDAD-2020/Videojuegos/Unreal/Juego1/Content/StarterContent/Jugador/Enemigo/Enemigo.uasset
[2020.10.29-14.48.07:320][159]Cmd: OBJ SAVEPACKAGE PACKAGE="/Game/StarterContent/Jugador/Jugador" FILE="E:/UNIVERSIDAD-2020/Videojuegos/Unreal/Juego1/Content/StarterContent/Jugador/Jugador.uasset" SILENT=true
[2020.10.29-14.48.07:397][159]LogSavePackage: Save=60.33ms
[2020.10.29-14.48.07:397][159]LogSavePackage: Moving 'E:/UNIVERSIDAD-2020/Videojuegos/Unreal/Juego1/Saved/Jugador5A17F9D64B46AA523A9774B2E78EF547.tmp' to 'E:/UNIVERSIDAD-2020/Videojuegos/Unreal/Juego1/Content/StarterContent/Jugador/Jugador.uasset'
[2020.10.29-14.48.07:398][159]LogSavePackage:Display: Finished SavePackage E:/UNIVERSIDAD-2020/Videojuegos/Unreal/Juego1/Content/StarterContent/Jugador/Jugador.uasset
[2020.10.29-14.48.54:047][ 56]Cmd: OBJ SAVEPACKAGE PACKAGE="/Game/StarterContent/Jugador/Enemigo/Enemigo" FILE="E:/UNIVERSIDAD-2020/Videojuegos/Unreal/Juego1/Content/StarterContent/Jugador/Enemigo/Enemigo.uasset" SILENT=true
[2020.10.29-14.48.54:103][ 56]LogSavePackage: Save=47.89ms
[2020.10.29-14.48.54:103][ 56]LogSavePackage: Moving 'E:/UNIVERSIDAD-2020/Videojuegos/Unreal/Juego1/Saved/Enemigo858A23AE41D36D2F1B7E8AB332A025AA.tmp' to 'E:/UNIVERSIDAD-2020/Videojuegos/Unreal/Juego1/Content/StarterContent/Jugador/Enemigo/Enemigo.uasset'
[2020.10.29-14.48.54:108][ 56]LogSavePackage:Display: Finished SavePackage E:/UNIVERSIDAD-2020/Videojuegos/Unreal/Juego1/Content/StarterContent/Jugador/Enemigo/Enemigo.uasset
[2020.10.29-14.48.56:949][295]Cmd: OBJ SAVEPACKAGE PACKAGE="/Game/nivel1" FILE="E:/UNIVERSIDAD-2020/Videojuegos/Unreal/Juego1/Content/nivel1.umap" SILENT=true AUTOSAVING=false KEEPDIRTY=false
[2020.10.29-14.48.57:041][295]LogSavePackage: Save=54.40ms
[2020.10.29-14.48.57:041][295]LogSavePackage: Moving 'E:/UNIVERSIDAD-2020/Videojuegos/Unreal/Juego1/Saved/nivel122D251E24C358F1DC396229860B56EC4.tmp' to 'E:/UNIVERSIDAD-2020/Videojuegos/Unreal/Juego1/Content/nivel1.umap'
[2020.10.29-14.48.57:045][295]LogSavePackage:Display: Finished SavePackage E:/UNIVERSIDAD-2020/Videojuegos/Unreal/Juego1/Content/nivel1.umap
[2020.10.29-14.48.57:081][295]Cmd: OBJ SAVEPACKAGE PACKAGE="/Game/nivel1_BuiltData" FILE="E:/UNIVERSIDAD-2020/Videojuegos/Unreal/Juego1/Content/nivel1_BuiltData.uasset" SILENT=true
[2020.10.29-14.48.57:166][295]LogSavePackage: Save=68.53ms
[2020.10.29-14.48.57:166][295]LogSavePackage: Moving 'E:/UNIVERSIDAD-2020/Videojuegos/Unreal/Juego1/Saved/nivel1_BuiltData1627FE0C4EBF7FADDB2BA584655AD42F.tmp' to 'E:/UNIVERSIDAD-2020/Videojuegos/Unreal/Juego1/Content/nivel1_BuiltData.uasset'
[2020.10.29-14.48.57:167][295]LogSavePackage:Display: Finished SavePackage E:/UNIVERSIDAD-2020/Videojuegos/Unreal/Juego1/Content/nivel1_BuiltData.uasset
[2020.10.29-14.48.57:981][389]MapCheck: New page: Map Check
[2020.10.29-14.48.58:018][389]Cmd: MAP REBUILD ALLVISIBLE
[2020.10.29-14.48.58:019][389]LogEditorServer: Rebuildmap Clear paths rebuilt
[2020.10.29-14.48.58:285][389]LogMaterial: Missing cached shader map for material FDebugViewModeMaterialProxy WorldGridMaterial, compiling. Is special engine material.
[2020.10.29-14.48.58:315][389]LogMaterial: Missing cached shader map for material FDebugViewModeMaterialProxy MaterialInstanceDynamic_1, compiling. 
[2020.10.29-14.48.58:321][389]LogMaterial: Missing cached shader map for material FDebugViewModeMaterialProxy M_Wood_Oak, compiling. 
[2020.10.29-14.48.58:328][389]LogMaterial: Missing cached shader map for material FDebugViewModeMaterialProxy TexturaMagicaVoxel_Mat, compiling. 
[2020.10.29-14.49.00:275][389]TextureStreamingBuild:Display: Compiling optional shaders took 2.008 seconds.
[2020.10.29-14.49.00:286][389]LogLevel:Display: Export Material TexCoord Scales took 0.011 seconds.
[2020.10.29-14.49.00:290][389]TextureStreamingBuild:Display: Build Texture Streaming took 0.004 seconds.
[2020.10.29-14.49.00:336][389]LightingResults: New page: Lighting Build - Oct 29, 2020, 4:49:00 PM
[2020.10.29-14.49.00:534][389]LogSwarmInterface: [OpenConnection] Registering TCP channel ...
[2020.10.29-14.49.00:878][389]LogSwarmInterface: [OpenConnection] Connecting to agent ...
[2020.10.29-14.49.00:912][389]LogSwarmInterface: [TryOpenConnection] Testing the Agent
[2020.10.29-14.49.02:465][389]LogSwarmInterface: [TryOpenConnection] Opening Connection to Agent
[2020.10.29-14.49.02:465][389]LogSwarmInterface: [TryOpenConnection] Local Process ID is 16092
[2020.10.29-14.49.05:080][389]LogStaticLightingSystem:Warning: No importance volume found, so the scene bounding box was used.  You can optimize your scene's quality and lighting build times by adding importance volumes.
[2020.10.29-14.49.05:080][389]LogStaticLightingSystem: Running Lightmass w/ ImmediateImport mode ENABLED
[2020.10.29-14.49.05:080][389]LogStaticLightingSystem: Running Lightmass w/ ImmediateProcess mode ENABLED
[2020.10.29-14.49.05:080][389]LogStaticLightingSystem: Running Lightmass w/ Sorting mode ENABLED
[2020.10.29-14.49.05:080][389]LogStaticLightingSystem: Running Lightmass w/ Mapping paddings ENABLED
[2020.10.29-14.49.05:080][389]LogStaticLightingSystem: Running Lightmass w/ Mapping debug paddings DISABLED
[2020.10.29-14.49.05:311][389]Cmd: MAP CHECK DONTDISPLAYDIALOG
[2020.10.29-14.49.05:311][389]MapCheck: New page: nivel1 - Oct 29, 2020, 4:49:05 PM
[2020.10.29-14.49.05:387][389]MapCheck: Info Map check complete: 0 Error(s), 0 Warning(s), took 75.616ms to complete.
[2020.10.29-14.49.05:411][389]LogEditorBuildUtils: Build time 0:07
[2020.10.29-14.49.08:378][578]Job is a success!
[2020.10.29-14.49.08:717][580]LogTexture:Display: Building textures: LQ_Lightmap_0_1 (DXT1, 1024X1024)
[2020.10.29-14.49.08:717][580]LogTexture:Display: Building textures: HQ_Lightmap0_2 (AutoDXT, 64X64)
[2020.10.29-14.49.08:717][580]LogTexture:Display: Building textures: LQ_Lightmap_0_2 (DXT1, 64X64)
[2020.10.29-14.49.08:717][580]LogTexture:Display: Building textures: SkyOcclusion0_2 (AutoDXT, 64X32)
[2020.10.29-14.49.08:717][580]LogTexture:Display: Building textures: HQ_Lightmap0_1 (AutoDXT, 1024X1024)
[2020.10.29-14.49.08:717][580]LogTexture:Display: Building textures: SkyOcclusion0_1 (AutoDXT, 1024X512)
[2020.10.29-14.49.08:787][580]Lightmass on ELBARTO: 2.23 sec total, 210 ms importing, 31 ms setup, 566 ms photons, 1.36 sec processing, 0 ms extra exporting [7/7 mappings]. Threads: 9.31 sec total, 1.80 sec processing.
[2020.10.29-14.49.08:843][580]LogStaticLightingSystem: Illumination: 8.50 sec (227 ms encoding lightmaps, 0 ms encoding shadowmaps)
[2020.10.29-14.49.08:843][580]LogStaticLightingSystem: Lightmap texture memory:  2.7 MB (0.0 MB streaming, 2.7 MB non-streaming), 4 textures
[2020.10.29-14.49.08:843][580]LogStaticLightingSystem: Shadowmap texture memory: 0.0 MB (0.0 MB streaming, 0.0 MB non-streaming), 0 textures
[2020.10.29-14.49.09:101][580]DumpUnbuiltLightIteractions
[2020.10.29-14.49.09:101][580]Lights with unbuilt interactions: 0
[2020.10.29-14.49.09:101][580]
[2020.10.29-14.49.09:101][580]Primitives with unbuilt interactions: 0
[2020.10.29-14.49.09:109][581]Cmd: MAP CHECK NOTIFYRESULTS
[2020.10.29-14.49.09:109][581]MapCheck: New page: nivel1 - Oct 29, 2020, 4:49:09 PM
[2020.10.29-14.49.09:191][581]MapCheck: Info Map check complete: 0 Error(s), 0 Warning(s), took 82.424ms to complete.
[2020.10.29-14.49.10:369][717]LogTemp: Repeting last play command: Selected Viewport
[2020.10.29-14.49.10:450][717]BlueprintLog: New page: Pre-Play auto-recompile
[2020.10.29-14.49.10:450][717]LogPlayLevel: [PlayLevel] Compiling Enemigo before play...
[2020.10.29-14.49.10:587][717]LogPlayLevel: PlayLevel: Blueprint regeneration took 136 ms (1 blueprints)
[2020.10.29-14.49.10:602][717]PIE: New page: PIE session: nivel1 (Oct 29, 2020, 4:49:10 PM)
[2020.10.29-14.49.10:602][717]LogPlayLevel: Creating play world package: /Game/UEDPIE_0_nivel1
[2020.10.29-14.49.10:622][717]LogPlayLevel: PIE: StaticDuplicateObject took: (0.020519s)
[2020.10.29-14.49.10:623][717]LogAIModule: Creating AISystem for world nivel1
[2020.10.29-14.49.10:623][717]LogPlayLevel: PIE: World Init took: (0.000801s)
[2020.10.29-14.49.10:623][717]LogPlayLevel: PIE: Created PIE world by copying editor world from /Game/nivel1.nivel1 to /Game/UEDPIE_0_nivel1.nivel1 (0.021537s)
[2020.10.29-14.49.10:689][717]LogInit: XAudio2 using 'PHL 273V5 (NVIDIA High Definition Audio)' : 2 channels at 48 kHz using 16 bits per sample (channel mask 0x3)
[2020.10.29-14.49.10:735][717]LogInit: FAudioDevice initialized.
[2020.10.29-14.49.10:817][717]LogLoad: Game class is 'miModoDeJuego_C'
[2020.10.29-14.49.10:831][717]LogWorld: Bringing World /Game/UEDPIE_0_nivel1.nivel1 up for play (max tick rate 0) at 2020.10.29-15.49.10
[2020.10.29-14.49.10:852][717]LogWorld: Bringing up level for play took: 0.021482
[2020.10.29-14.49.10:963][717]LogContentBrowser: Native class hierarchy updated for 'MovieSceneCapture' in 0.0010 seconds. Added 11 classes and 0 folders.
[2020.10.29-14.49.10:975][717]PIE: Info Play in editor start time for /Game/UEDPIE_0_nivel1 0.342
[2020.10.29-14.49.11:087][718]LogCharacterMovement:Warning: GetSimulationTimeStep() - Max iterations 8 hit while remaining time 0.091247 > MaxSimulationTimeStep (0.050) for 'Jugador_C_0', movement 'Walking'
[2020.10.29-14.49.34:584][358]Cmd: OBJ SAVEPACKAGE PACKAGE="/Game/nivel1" FILE="E:/UNIVERSIDAD-2020/Videojuegos/Unreal/Juego1/Content/nivel1.umap" SILENT=true AUTOSAVING=false KEEPDIRTY=false
[2020.10.29-14.49.34:663][358]LogSavePackage: Save=52.78ms
[2020.10.29-14.49.34:663][358]LogSavePackage: Moving 'E:/UNIVERSIDAD-2020/Videojuegos/Unreal/Juego1/Saved/nivel137EE960F4D83094CF2F3E4B9E09E8FAF.tmp' to 'E:/UNIVERSIDAD-2020/Videojuegos/Unreal/Juego1/Content/nivel1.umap'
[2020.10.29-14.49.34:667][358]LogSavePackage:Display: Finished SavePackage E:/UNIVERSIDAD-2020/Videojuegos/Unreal/Juego1/Content/nivel1.umap
[2020.10.29-14.49.34:701][358]Cmd: OBJ SAVEPACKAGE PACKAGE="/Game/nivel1_BuiltData" FILE="E:/UNIVERSIDAD-2020/Videojuegos/Unreal/Juego1/Content/nivel1_BuiltData.uasset" SILENT=true
[2020.10.29-14.49.34:760][358]LogSavePackage: Save=51.79ms
[2020.10.29-14.49.34:760][358]LogSavePackage: Moving 'E:/UNIVERSIDAD-2020/Videojuegos/Unreal/Juego1/Saved/nivel1_BuiltData3492A99440DD64DBDFDD5A9AA774AD8A.tmp' to 'E:/UNIVERSIDAD-2020/Videojuegos/Unreal/Juego1/Content/nivel1_BuiltData.uasset'
[2020.10.29-14.49.34:764][358]LogSavePackage:Display: Finished SavePackage E:/UNIVERSIDAD-2020/Videojuegos/Unreal/Juego1/Content/nivel1_BuiltData.uasset
[2020.10.29-14.49.46:740][759]LogRenderer: Reallocating scene render targets to support 1240x900 NumSamples 1 (Frame:1).
[2020.10.29-14.59.26:516][170]LogSlate: Took 0.000356 seconds to synchronously load lazily loaded font '../../../Engine/Content/Slate/Fonts/Roboto-Light.ttf' (159K)
[2020.10.29-14.59.34:934][196]LogFileHelpers: Editor autosave (incl. sublevels) for '/Game/nivel1' took 0.020
[2020.10.29-14.59.34:936][196]OBJ SavePackage: Generating thumbnails for [1] asset(s) in package [/Game/StarterContent/Jugador/Enemigo/Enemigo] ([1] browsable assets)...
[2020.10.29-14.59.34:961][196]OBJ SavePackage:     Rendered thumbnail for [Blueprint /Game/StarterContent/Jugador/Enemigo/Enemigo.Enemigo]
[2020.10.29-14.59.34:961][196]OBJ SavePackage: Finished generating thumbnails for package [/Game/StarterContent/Jugador/Enemigo/Enemigo]
[2020.10.29-14.59.35:043][196]LogSavePackage: Save=66.66ms
[2020.10.29-14.59.35:043][196]LogSavePackage: Moving 'E:/UNIVERSIDAD-2020/Videojuegos/Unreal/Juego1/Saved/Enemigo_Auto1BC4C112042848F96E03B4E8730D4568B.tmp' to 'E:/UNIVERSIDAD-2020/Videojuegos/Unreal/Juego1/Saved/Autosaves/Game/StarterContent/Jugador/Enemigo/Enemigo_Auto1.uasset'
[2020.10.29-14.59.35:045][196]LogSavePackage:Display: Finished SavePackage E:/UNIVERSIDAD-2020/Videojuegos/Unreal/Juego1/Saved/Autosaves/Game/StarterContent/Jugador/Enemigo/Enemigo_Auto1.uasset
[2020.10.29-14.59.35:045][196]LogFileHelpers: Auto-saving content packages took 0.110
[2020.10.29-15.02.53:379][ 71]LogTemp: Repeting last play command: Selected Viewport
[2020.10.29-15.02.53:399][ 71]BlueprintLog: New page: Pre-Play auto-recompile
[2020.10.29-15.02.53:399][ 71]LogPlayLevel: [PlayLevel] Compiling Enemigo before play...
[2020.10.29-15.02.53:518][ 71]LogPlayLevel: PlayLevel: Blueprint regeneration took 118 ms (1 blueprints)
[2020.10.29-15.02.53:518][ 71]PIE: New page: PIE session: nivel1 (Oct 29, 2020, 5:02:53 PM)
[2020.10.29-15.02.53:519][ 71]LogPlayLevel: Creating play world package: /Game/UEDPIE_0_nivel1
[2020.10.29-15.02.53:524][ 71]LogPlayLevel: PIE: StaticDuplicateObject took: (0.005739s)
[2020.10.29-15.02.53:525][ 71]LogAIModule: Creating AISystem for world nivel1
[2020.10.29-15.02.53:526][ 71]LogPlayLevel: PIE: World Init took: (0.001201s)
[2020.10.29-15.02.53:526][ 71]LogPlayLevel: PIE: Created PIE world by copying editor world from /Game/nivel1.nivel1 to /Game/UEDPIE_0_nivel1.nivel1 (0.007212s)
[2020.10.29-15.02.53:574][ 71]LogInit: XAudio2 using 'PHL 273V5 (NVIDIA High Definition Audio)' : 2 channels at 48 kHz using 16 bits per sample (channel mask 0x3)
[2020.10.29-15.02.53:587][ 71]LogInit: FAudioDevice initialized.
[2020.10.29-15.02.53:623][ 71]LogLoad: Game class is 'miModoDeJuego_C'
[2020.10.29-15.02.53:627][ 71]LogWorld: Bringing World /Game/UEDPIE_0_nivel1.nivel1 up for play (max tick rate 0) at 2020.10.29-16.02.53
[2020.10.29-15.02.53:628][ 71]LogWorld: Bringing up level for play took: 0.002068
[2020.10.29-15.02.53:630][ 71]PIE: Info Play in editor start time for /Game/UEDPIE_0_nivel1 0.996
[2020.10.29-15.03.26:070][496]Cmd: OBJ SAVEPACKAGE PACKAGE="/Game/StarterContent/Jugador/Enemigo/Enemigo" FILE="E:/UNIVERSIDAD-2020/Videojuegos/Unreal/Juego1/Content/StarterContent/Jugador/Enemigo/Enemigo.uasset" SILENT=true
[2020.10.29-15.03.26:121][496]LogSavePackage: Save=42.40ms
[2020.10.29-15.03.26:121][496]LogSavePackage: Moving 'E:/UNIVERSIDAD-2020/Videojuegos/Unreal/Juego1/Saved/EnemigoCD9F0282416C2F654C06EE9D147C87C5.tmp' to 'E:/UNIVERSIDAD-2020/Videojuegos/Unreal/Juego1/Content/StarterContent/Jugador/Enemigo/Enemigo.uasset'
[2020.10.29-15.03.26:124][496]LogSavePackage:Display: Finished SavePackage E:/UNIVERSIDAD-2020/Videojuegos/Unreal/Juego1/Content/StarterContent/Jugador/Enemigo/Enemigo.uasset
[2020.10.29-15.10.02:484][989]Cmd: OBJ SAVEPACKAGE PACKAGE="/Game/nivel1" FILE="E:/UNIVERSIDAD-2020/Videojuegos/Unreal/Juego1/Content/nivel1.umap" SILENT=true AUTOSAVING=false KEEPDIRTY=false
[2020.10.29-15.10.02:571][989]LogSavePackage: Save=53.46ms
[2020.10.29-15.10.02:571][989]LogSavePackage: Moving 'E:/UNIVERSIDAD-2020/Videojuegos/Unreal/Juego1/Saved/nivel13C501F68490B68B632157AA5CB3CE6AD.tmp' to 'E:/UNIVERSIDAD-2020/Videojuegos/Unreal/Juego1/Content/nivel1.umap'
[2020.10.29-15.10.02:574][989]LogSavePackage:Display: Finished SavePackage E:/UNIVERSIDAD-2020/Videojuegos/Unreal/Juego1/Content/nivel1.umap
[2020.10.29-15.10.02:608][989]Cmd: OBJ SAVEPACKAGE PACKAGE="/Game/nivel1_BuiltData" FILE="E:/UNIVERSIDAD-2020/Videojuegos/Unreal/Juego1/Content/nivel1_BuiltData.uasset" SILENT=true
[2020.10.29-15.10.02:679][989]LogSavePackage: Save=55.32ms
[2020.10.29-15.10.02:679][989]LogSavePackage: Moving 'E:/UNIVERSIDAD-2020/Videojuegos/Unreal/Juego1/Saved/nivel1_BuiltData3F005971458F0BD8CAAAC3A89BBE0BDB.tmp' to 'E:/UNIVERSIDAD-2020/Videojuegos/Unreal/Juego1/Content/nivel1_BuiltData.uasset'
[2020.10.29-15.10.02:681][989]LogSavePackage:Display: Finished SavePackage E:/UNIVERSIDAD-2020/Videojuegos/Unreal/Juego1/Content/nivel1_BuiltData.uasset
[2020.10.29-15.10.03:994][143]LogTemp: Repeting last play command: Selected Viewport
[2020.10.29-15.10.04:013][143]LogPlayLevel: PlayLevel: No blueprints needed recompiling
[2020.10.29-15.10.04:013][143]PIE: New page: PIE session: nivel1 (Oct 29, 2020, 5:10:04 PM)
[2020.10.29-15.10.04:013][143]LogPlayLevel: Creating play world package: /Game/UEDPIE_0_nivel1
[2020.10.29-15.10.04:019][143]LogPlayLevel: PIE: StaticDuplicateObject took: (0.005927s)
[2020.10.29-15.10.04:020][143]LogAIModule: Creating AISystem for world nivel1
[2020.10.29-15.10.04:020][143]LogPlayLevel: PIE: World Init took: (0.000982s)
[2020.10.29-15.10.04:020][143]LogPlayLevel: PIE: Created PIE world by copying editor world from /Game/nivel1.nivel1 to /Game/UEDPIE_0_nivel1.nivel1 (0.007121s)
[2020.10.29-15.10.04:073][143]LogInit: XAudio2 using 'PHL 273V5 (NVIDIA High Definition Audio)' : 2 channels at 48 kHz using 16 bits per sample (channel mask 0x3)
[2020.10.29-15.10.04:091][143]LogInit: FAudioDevice initialized.
[2020.10.29-15.10.04:123][143]LogLoad: Game class is 'miModoDeJuego_C'
[2020.10.29-15.10.04:126][143]LogWorld: Bringing World /Game/UEDPIE_0_nivel1.nivel1 up for play (max tick rate 0) at 2020.10.29-16.10.04
[2020.10.29-15.10.04:126][143]LogWorld: Bringing up level for play took: 0.001803
[2020.10.29-15.10.04:128][143]PIE: Info Play in editor start time for /Game/UEDPIE_0_nivel1 -0.505
